TpTrace Verbose: 0 : 18577, 1, 2024/06/06, 16:53:53.520, 20370636509541, vstest.console.dll, Version: 17.9.0-release-24072-02 Current process architecture: ARM64
TpTrace Verbose: 0 : 18577, 1, 2024/06/06, 16:53:53.522, 20370638325041, vstest.console.dll, Runtime location: /usr/local/share/dotnet/shared/Microsoft.NETCore.App/8.0.4
TpTrace Information: 0 : 18577, 1, 2024/06/06, 16:53:53.523, 20370639125500, vstest.console.dll, Using .Net Framework version:.NETCoreApp,Version=v8.0
TpTrace Verbose: 0 : 18577, 1, 2024/06/06, 16:53:53.523, 20370639160208, vstest.console.dll, ArtifactProcessingPostProcessModeProcessorExecutor.Initialize: ArtifactProcessingMode.Collect
TpTrace Verbose: 0 : 18577, 1, 2024/06/06, 16:53:53.523, 20370639183583, vstest.console.dll, TestSessionCorrelationIdProcessorModeProcessorExecutor.Initialize: TestSessionCorrelationId '18576_696518f9-e6a5-451e-8863-14db3bf6220f'
TpTrace Information: 0 : 18577, 1, 2024/06/06, 16:53:53.523, 20370639933083, vstest.console.dll, FilePatternParser: The given file /Users/anatoliiyakubyshyn/Documents/Solvd/net/specflow/ExcelTesting/bin/Debug/net8.0/WordPadTesting.dll is a full path.
TpTrace Verbose: 0 : 18577, 1, 2024/06/06, 16:53:53.525, 20370641629875, vstest.console.dll, TestPluginCache.DiscoverTestExtensions: finding test extensions in assemblies ends with: RuntimeProvider.dll TPluginInfo: Microsoft.VisualStudio.TestPlatform.Common.ExtensionFramework.Utilities.TestRuntimePluginInformation TExtension: Microsoft.VisualStudio.TestPlatform.ObjectModel.Host.ITestRuntimeProvider
TpTrace Verbose: 0 : 18577, 1, 2024/06/06, 16:53:53.525, 20370641773666, vstest.console.dll, TestPluginCache.GetExtensionPaths: Filtered extension paths: 
TpTrace Verbose: 0 : 18577, 1, 2024/06/06, 16:53:53.525, 20370641799625, vstest.console.dll, TestPluginCache.GetExtensionPaths: Added default extension paths: /usr/local/share/dotnet/sdk/8.0.204/Extensions/Microsoft.VisualStudio.TestPlatform.Extensions.Trx.TestLogger.dll
/usr/local/share/dotnet/sdk/8.0.204/Extensions/Microsoft.Diagnostics.NETCore.Client.dll
/usr/local/share/dotnet/sdk/8.0.204/Extensions/Microsoft.TestPlatform.Extensions.BlameDataCollector.dll
/usr/local/share/dotnet/sdk/8.0.204/Extensions/Microsoft.TestPlatform.TestHostRuntimeProvider.dll
/usr/local/share/dotnet/sdk/8.0.204/Extensions/Microsoft.TestPlatform.Extensions.EventLogCollector.dll
/usr/local/share/dotnet/sdk/8.0.204/Extensions/Microsoft.VisualStudio.TestPlatform.Extensions.Html.TestLogger.dll
TpTrace Verbose: 0 : 18577, 1, 2024/06/06, 16:53:53.525, 20370641814041, vstest.console.dll, TestPluginCache.GetExtensionPaths: Added unfilterableExtensionPaths: 
TpTrace Information: 0 : 18577, 1, 2024/06/06, 16:53:53.526, 20370642008375, vstest.console.dll, AssemblyResolver.ctor: Creating AssemblyResolver with searchDirectories /usr/local/share/dotnet/sdk/8.0.204/Extensions,/usr/local/share/dotnet/sdk/8.0.204
TpTrace Verbose: 0 : 18577, 1, 2024/06/06, 16:53:53.526, 20370642419958, vstest.console.dll, TestPluginCache.DiscoverTestExtensions: Discovering the extensions using extension path.
TpTrace Verbose: 0 : 18577, 1, 2024/06/06, 16:53:53.526, 20370642455958, vstest.console.dll, TestPluginCache.GetExtensionPaths: Filtered extension paths: 
TpTrace Verbose: 0 : 18577, 1, 2024/06/06, 16:53:53.526, 20370642466166, vstest.console.dll, TestPluginCache.GetExtensionPaths: Added default extension paths: /usr/local/share/dotnet/sdk/8.0.204/Extensions/Microsoft.VisualStudio.TestPlatform.Extensions.Trx.TestLogger.dll
/usr/local/share/dotnet/sdk/8.0.204/Extensions/Microsoft.Diagnostics.NETCore.Client.dll
/usr/local/share/dotnet/sdk/8.0.204/Extensions/Microsoft.TestPlatform.Extensions.BlameDataCollector.dll
/usr/local/share/dotnet/sdk/8.0.204/Extensions/Microsoft.TestPlatform.TestHostRuntimeProvider.dll
/usr/local/share/dotnet/sdk/8.0.204/Extensions/Microsoft.TestPlatform.Extensions.EventLogCollector.dll
/usr/local/share/dotnet/sdk/8.0.204/Extensions/Microsoft.VisualStudio.TestPlatform.Extensions.Html.TestLogger.dll
TpTrace Verbose: 0 : 18577, 1, 2024/06/06, 16:53:53.526, 20370642476291, vstest.console.dll, TestPluginCache.GetExtensionPaths: Added unfilterableExtensionPaths: 
TpTrace Verbose: 0 : 18577, 1, 2024/06/06, 16:53:53.526, 20370642504375, vstest.console.dll, TestPluginCache.DiscoverTestExtensions: Discovering the extensions using allExtensionPaths: /usr/local/share/dotnet/sdk/8.0.204/Extensions/Microsoft.VisualStudio.TestPlatform.Extensions.Trx.TestLogger.dll
/usr/local/share/dotnet/sdk/8.0.204/Extensions/Microsoft.Diagnostics.NETCore.Client.dll
/usr/local/share/dotnet/sdk/8.0.204/Extensions/Microsoft.TestPlatform.Extensions.BlameDataCollector.dll
/usr/local/share/dotnet/sdk/8.0.204/Extensions/Microsoft.TestPlatform.TestHostRuntimeProvider.dll
/usr/local/share/dotnet/sdk/8.0.204/Extensions/Microsoft.TestPlatform.Extensions.EventLogCollector.dll
/usr/local/share/dotnet/sdk/8.0.204/Extensions/Microsoft.VisualStudio.TestPlatform.Extensions.Html.TestLogger.dll
TpTrace Information: 0 : 18577, 1, 2024/06/06, 16:53:53.526, 20370642534791, vstest.console.dll, AssemblyResolver.AddSearchDirectories: Adding more searchDirectories /usr/local/share/dotnet/sdk/8.0.204/Extensions,/usr/local/share/dotnet/sdk/8.0.204
TpTrace Information: 0 : 18577, 1, 2024/06/06, 16:53:53.526, 20370642549625, vstest.console.dll, AssemblyResolver.AddSearchDirectories: Adding more searchDirectories /usr/local/share/dotnet/sdk/8.0.204/Extensions,/usr/local/share/dotnet/sdk/8.0.204
TpTrace Information: 0 : 18577, 1, 2024/06/06, 16:53:53.526, 20370642557750, vstest.console.dll, AssemblyResolver.AddSearchDirectories: Adding more searchDirectories /usr/local/share/dotnet/sdk/8.0.204/Extensions,/usr/local/share/dotnet/sdk/8.0.204
TpTrace Information: 0 : 18577, 1, 2024/06/06, 16:53:53.526, 20370642564833, vstest.console.dll, AssemblyResolver.AddSearchDirectories: Adding more searchDirectories /usr/local/share/dotnet/sdk/8.0.204/Extensions,/usr/local/share/dotnet/sdk/8.0.204
TpTrace Information: 0 : 18577, 1, 2024/06/06, 16:53:53.526, 20370642576541, vstest.console.dll, AssemblyResolver.AddSearchDirectories: Adding more searchDirectories /usr/local/share/dotnet/sdk/8.0.204/Extensions,/usr/local/share/dotnet/sdk/8.0.204
TpTrace Information: 0 : 18577, 1, 2024/06/06, 16:53:53.526, 20370642583375, vstest.console.dll, AssemblyResolver.AddSearchDirectories: Adding more searchDirectories /usr/local/share/dotnet/sdk/8.0.204/Extensions,/usr/local/share/dotnet/sdk/8.0.204
TpTrace Information: 0 : 18577, 1, 2024/06/06, 16:53:53.526, 20370642754375, vstest.console.dll, AssemblyResolver.OnResolve: Microsoft.VisualStudio.TestPlatform.Extensions.Trx.TestLogger: Resolving assembly.
TpTrace Information: 0 : 18577, 1, 2024/06/06, 16:53:53.526, 20370642774208, vstest.console.dll, AssemblyResolver.OnResolve: Microsoft.VisualStudio.TestPlatform.Extensions.Trx.TestLogger: Searching in: '/usr/local/share/dotnet/sdk/8.0.204/Extensions'.
TpTrace Information: 0 : 18577, 1, 2024/06/06, 16:53:53.529, 20370645458250, vstest.console.dll, AssemblyResolver.OnResolve: Microsoft.VisualStudio.TestPlatform.Extensions.Trx.TestLogger: Loading assembly '/usr/local/share/dotnet/sdk/8.0.204/Extensions/Microsoft.VisualStudio.TestPlatform.Extensions.Trx.TestLogger.dll'.
TpTrace Information: 0 : 18577, 1, 2024/06/06, 16:53:53.529, 20370645637791, vstest.console.dll, AssemblyResolver.OnResolve: Resolved assembly: Microsoft.VisualStudio.TestPlatform.Extensions.Trx.TestLogger, from path: /usr/local/share/dotnet/sdk/8.0.204/Extensions/Microsoft.VisualStudio.TestPlatform.Extensions.Trx.TestLogger.dll
TpTrace Verbose: 0 : 18577, 1, 2024/06/06, 16:53:53.530, 20370646002958, vstest.console.dll, MetadataReaderExtensionsHelper: Discovering extensions inside assembly 'Microsoft.VisualStudio.TestPlatform.Extensions.Trx.TestLogger, Version=15.0.0.0, Culture=neutral, PublicKeyToken=b03f5f7f11d50a3a' file path '/usr/local/share/dotnet/sdk/8.0.204/Extensions/Microsoft.VisualStudio.TestPlatform.Extensions.Trx.TestLogger.dll'
TpTrace Information: 0 : 18577, 1, 2024/06/06, 16:53:53.530, 20370646568458, vstest.console.dll, AssemblyResolver.OnResolve: Microsoft.Diagnostics.NETCore.Client: Resolving assembly.
TpTrace Information: 0 : 18577, 1, 2024/06/06, 16:53:53.530, 20370646587875, vstest.console.dll, AssemblyResolver.OnResolve: Microsoft.Diagnostics.NETCore.Client: Searching in: '/usr/local/share/dotnet/sdk/8.0.204/Extensions'.
TpTrace Information: 0 : 18577, 1, 2024/06/06, 16:53:53.530, 20370646653458, vstest.console.dll, AssemblyResolver.OnResolve: Microsoft.Diagnostics.NETCore.Client: Loading assembly '/usr/local/share/dotnet/sdk/8.0.204/Extensions/Microsoft.Diagnostics.NETCore.Client.dll'.
TpTrace Information: 0 : 18577, 1, 2024/06/06, 16:53:53.530, 20370646869083, vstest.console.dll, AssemblyResolver.OnResolve: Resolved assembly: Microsoft.Diagnostics.NETCore.Client, from path: /usr/local/share/dotnet/sdk/8.0.204/Extensions/Microsoft.Diagnostics.NETCore.Client.dll
TpTrace Verbose: 0 : 18577, 1, 2024/06/06, 16:53:53.530, 20370646885333, vstest.console.dll, MetadataReaderExtensionsHelper: Discovering extensions inside assembly 'Microsoft.Diagnostics.NETCore.Client, Version=0.2.9.2401, Culture=neutral, PublicKeyToken=31bf3856ad364e35' file path '/usr/local/share/dotnet/sdk/8.0.204/Extensions/Microsoft.Diagnostics.NETCore.Client.dll'
TpTrace Information: 0 : 18577, 1, 2024/06/06, 16:53:53.532, 20370647975208, vstest.console.dll, AssemblyResolver.OnResolve: Microsoft.Bcl.AsyncInterfaces: Resolving assembly.
TpTrace Information: 0 : 18577, 1, 2024/06/06, 16:53:53.532, 20370647989875, vstest.console.dll, AssemblyResolver.OnResolve: Microsoft.Bcl.AsyncInterfaces: Searching in: '/usr/local/share/dotnet/sdk/8.0.204/Extensions'.
TpTrace Information: 0 : 18577, 1, 2024/06/06, 16:53:53.532, 20370647999000, vstest.console.dll, AssemblyResolver.OnResolve: Microsoft.Bcl.AsyncInterfaces: Assembly path does not exist: '/usr/local/share/dotnet/sdk/8.0.204/Extensions/Microsoft.Bcl.AsyncInterfaces.dll', returning.
TpTrace Information: 0 : 18577, 1, 2024/06/06, 16:53:53.532, 20370648007333, vstest.console.dll, AssemblyResolver.OnResolve: Microsoft.Bcl.AsyncInterfaces: Assembly path does not exist: '/usr/local/share/dotnet/sdk/8.0.204/Extensions/Microsoft.Bcl.AsyncInterfaces.exe', returning.
TpTrace Information: 0 : 18577, 1, 2024/06/06, 16:53:53.532, 20370648014000, vstest.console.dll, AssemblyResolver.OnResolve: Microsoft.Bcl.AsyncInterfaces: Searching in: '/usr/local/share/dotnet/sdk/8.0.204'.
TpTrace Information: 0 : 18577, 1, 2024/06/06, 16:53:53.532, 20370648021166, vstest.console.dll, AssemblyResolver.OnResolve: Microsoft.Bcl.AsyncInterfaces: Assembly path does not exist: '/usr/local/share/dotnet/sdk/8.0.204/Microsoft.Bcl.AsyncInterfaces.dll', returning.
TpTrace Information: 0 : 18577, 1, 2024/06/06, 16:53:53.532, 20370648028291, vstest.console.dll, AssemblyResolver.OnResolve: Microsoft.Bcl.AsyncInterfaces: Assembly path does not exist: '/usr/local/share/dotnet/sdk/8.0.204/Microsoft.Bcl.AsyncInterfaces.exe', returning.
TpTrace Information: 0 : 18577, 1, 2024/06/06, 16:53:53.532, 20370648033833, vstest.console.dll, AssemblyResolver.OnResolve: Microsoft.Bcl.AsyncInterfaces: Failed to load assembly.
TpTrace Verbose: 0 : 18577, 1, 2024/06/06, 16:53:53.532, 20370648044958, vstest.console.dll, CurrentDomainAssemblyResolve: Resolving assembly 'Microsoft.Bcl.AsyncInterfaces'.
TpTrace Information: 0 : 18577, 1, 2024/06/06, 16:53:53.532, 20370648058041, vstest.console.dll, AssemblyResolver.OnResolve: Microsoft.Bcl.AsyncInterfaces: Resolving assembly.
TpTrace Information: 0 : 18577, 1, 2024/06/06, 16:53:53.532, 20370648066875, vstest.console.dll, AssemblyResolver.OnResolve: Microsoft.Bcl.AsyncInterfaces: Resolved from cache.
TpTrace Verbose: 0 : 18577, 1, 2024/06/06, 16:53:53.532, 20370648073208, vstest.console.dll, CurrentDomainAssemblyResolve: Resolving assembly 'Microsoft.Bcl.AsyncInterfaces'.
TpTrace Verbose: 0 : 18577, 1, 2024/06/06, 16:53:53.532, 20370648081458, vstest.console.dll, CurrentDomainAssemblyResolve: Failed to resolve assembly 'Microsoft.Bcl.AsyncInterfaces'.
TpTrace Verbose: 0 : 18577, 1, 2024/06/06, 16:53:53.532, 20370648190958, vstest.console.dll, CurrentDomainAssemblyResolve: Failed to resolve assembly 'Microsoft.Bcl.AsyncInterfaces'.
TpTrace Warning: 0 : 18577, 1, 2024/06/06, 16:53:53.536, 20370652034958, vstest.console.dll, TestPluginDiscoverer: Failed to get types from assembly 'Microsoft.Diagnostics.NETCore.Client, Version=0.2.9.2401, Culture=neutral, PublicKeyToken=31bf3856ad364e35'. Error: System.Reflection.ReflectionTypeLoadException: Unable to load one or more of the requested types.
Could not load file or assembly 'Microsoft.Bcl.AsyncInterfaces, Version=6.0.0.0, Culture=neutral, PublicKeyToken=cc7b13ffcd2ddd51'. The system cannot find the file specified.

   at System.Reflection.RuntimeModule.GetTypes(RuntimeModule module)
   at System.Reflection.RuntimeModule.GetTypes()
   at Microsoft.VisualStudio.TestPlatform.Common.ExtensionFramework.TestPluginDiscoverer.GetTestExtensionsFromAssembly[TPluginInfo,TExtension](Assembly assembly, Dictionary`2 pluginInfos, String filePath) in /_/src/Microsoft.TestPlatform.Common/ExtensionFramework/TestPluginDiscoverer.cs:line 158
System.IO.FileNotFoundException: Could not load file or assembly 'Microsoft.Bcl.AsyncInterfaces, Version=6.0.0.0, Culture=neutral, PublicKeyToken=cc7b13ffcd2ddd51'. The system cannot find the file specified.

File name: 'Microsoft.Bcl.AsyncInterfaces, Version=6.0.0.0, Culture=neutral, PublicKeyToken=cc7b13ffcd2ddd51'
 ---> System.IO.FileNotFoundException: Could not load file or assembly 'Microsoft.Bcl.AsyncInterfaces, Culture=neutral, PublicKeyToken=null'. The system cannot find the file specified.

File name: 'Microsoft.Bcl.AsyncInterfaces, Culture=neutral, PublicKeyToken=null'
   at System.Reflection.RuntimeAssembly.InternalLoad(AssemblyName assemblyName, StackCrawlMark& stackMark, AssemblyLoadContext assemblyLoadContext, RuntimeAssembly requestingAssembly, Boolean throwOnFileNotFound)
   at System.Reflection.Assembly.Load(AssemblyName assemblyRef)
   at Microsoft.VisualStudio.TestPlatform.Common.ExtensionFramework.TestPluginCache.CurrentDomainAssemblyResolve(Object sender, AssemblyResolveEventArgs args) in /_/src/Microsoft.TestPlatform.Common/ExtensionFramework/TestPluginCache.cs:line 513
   at System.Runtime.Loader.AssemblyLoadContext.GetFirstResolvedAssemblyFromResolvingEvent(AssemblyName assemblyName)
   at System.Runtime.Loader.AssemblyLoadContext.ResolveUsingEvent(AssemblyName assemblyName)
   at System.Runtime.Loader.AssemblyLoadContext.ResolveUsingResolvingEvent(IntPtr gchManagedAssemblyLoadContext, AssemblyName assemblyName)
TpTrace Warning: 0 : 18577, 1, 2024/06/06, 16:53:53.536, 20370652147250, vstest.console.dll, LoaderExceptions: System.IO.FileNotFoundException: Could not load file or assembly 'Microsoft.Bcl.AsyncInterfaces, Version=6.0.0.0, Culture=neutral, PublicKeyToken=cc7b13ffcd2ddd51'. The system cannot find the file specified.

File name: 'Microsoft.Bcl.AsyncInterfaces, Version=6.0.0.0, Culture=neutral, PublicKeyToken=cc7b13ffcd2ddd51'
 ---> System.IO.FileNotFoundException: Could not load file or assembly 'Microsoft.Bcl.AsyncInterfaces, Culture=neutral, PublicKeyToken=null'. The system cannot find the file specified.

File name: 'Microsoft.Bcl.AsyncInterfaces, Culture=neutral, PublicKeyToken=null'
   at System.Reflection.RuntimeAssembly.InternalLoad(AssemblyName assemblyName, StackCrawlMark& stackMark, AssemblyLoadContext assemblyLoadContext, RuntimeAssembly requestingAssembly, Boolean throwOnFileNotFound)
   at System.Reflection.Assembly.Load(AssemblyName assemblyRef)
   at Microsoft.VisualStudio.TestPlatform.Common.ExtensionFramework.TestPluginCache.CurrentDomainAssemblyResolve(Object sender, AssemblyResolveEventArgs args) in /_/src/Microsoft.TestPlatform.Common/ExtensionFramework/TestPluginCache.cs:line 513
   at System.Runtime.Loader.AssemblyLoadContext.GetFirstResolvedAssemblyFromResolvingEvent(AssemblyName assemblyName)
   at System.Runtime.Loader.AssemblyLoadContext.ResolveUsingEvent(AssemblyName assemblyName)
   at System.Runtime.Loader.AssemblyLoadContext.ResolveUsingResolvingEvent(IntPtr gchManagedAssemblyLoadContext, AssemblyName assemblyName)
TpTrace Information: 0 : 18577, 1, 2024/06/06, 16:53:53.536, 20370652175958, vstest.console.dll, AssemblyResolver.OnResolve: Microsoft.TestPlatform.Extensions.BlameDataCollector: Resolving assembly.
TpTrace Information: 0 : 18577, 1, 2024/06/06, 16:53:53.536, 20370652198708, vstest.console.dll, AssemblyResolver.OnResolve: Microsoft.TestPlatform.Extensions.BlameDataCollector: Searching in: '/usr/local/share/dotnet/sdk/8.0.204/Extensions'.
TpTrace Information: 0 : 18577, 1, 2024/06/06, 16:53:53.536, 20370652262541, vstest.console.dll, AssemblyResolver.OnResolve: Microsoft.TestPlatform.Extensions.BlameDataCollector: Loading assembly '/usr/local/share/dotnet/sdk/8.0.204/Extensions/Microsoft.TestPlatform.Extensions.BlameDataCollector.dll'.
TpTrace Information: 0 : 18577, 1, 2024/06/06, 16:53:53.536, 20370652419916, vstest.console.dll, AssemblyResolver.OnResolve: Resolved assembly: Microsoft.TestPlatform.Extensions.BlameDataCollector, from path: /usr/local/share/dotnet/sdk/8.0.204/Extensions/Microsoft.TestPlatform.Extensions.BlameDataCollector.dll
TpTrace Verbose: 0 : 18577, 1, 2024/06/06, 16:53:53.536, 20370652435458, vstest.console.dll, MetadataReaderExtensionsHelper: Discovering extensions inside assembly 'Microsoft.TestPlatform.Extensions.BlameDataCollector, Version=15.0.0.0, Culture=neutral, PublicKeyToken=b03f5f7f11d50a3a' file path '/usr/local/share/dotnet/sdk/8.0.204/Extensions/Microsoft.TestPlatform.Extensions.BlameDataCollector.dll'
TpTrace Information: 0 : 18577, 1, 2024/06/06, 16:53:53.536, 20370652671500, vstest.console.dll, AssemblyResolver.OnResolve: Microsoft.TestPlatform.TestHostRuntimeProvider: Resolving assembly.
TpTrace Information: 0 : 18577, 1, 2024/06/06, 16:53:53.536, 20370652681125, vstest.console.dll, AssemblyResolver.OnResolve: Microsoft.TestPlatform.TestHostRuntimeProvider: Searching in: '/usr/local/share/dotnet/sdk/8.0.204/Extensions'.
TpTrace Information: 0 : 18577, 1, 2024/06/06, 16:53:53.536, 20370652727750, vstest.console.dll, AssemblyResolver.OnResolve: Microsoft.TestPlatform.TestHostRuntimeProvider: Loading assembly '/usr/local/share/dotnet/sdk/8.0.204/Extensions/Microsoft.TestPlatform.TestHostRuntimeProvider.dll'.
TpTrace Information: 0 : 18577, 1, 2024/06/06, 16:53:53.536, 20370652831291, vstest.console.dll, AssemblyResolver.OnResolve: Resolved assembly: Microsoft.TestPlatform.TestHostRuntimeProvider, from path: /usr/local/share/dotnet/sdk/8.0.204/Extensions/Microsoft.TestPlatform.TestHostRuntimeProvider.dll
TpTrace Verbose: 0 : 18577, 1, 2024/06/06, 16:53:53.536, 20370652844625, vstest.console.dll, MetadataReaderExtensionsHelper: Discovering extensions inside assembly 'Microsoft.TestPlatform.TestHostRuntimeProvider, Version=15.0.0.0, Culture=neutral, PublicKeyToken=b03f5f7f11d50a3a' file path '/usr/local/share/dotnet/sdk/8.0.204/Extensions/Microsoft.TestPlatform.TestHostRuntimeProvider.dll'
TpTrace Information: 0 : 18577, 1, 2024/06/06, 16:53:53.537, 20370653261500, vstest.console.dll, GetTestExtensionFromType: Register extension with identifier data 'HostProvider://DefaultTestHost' and type 'Microsoft.VisualStudio.TestPlatform.CrossPlatEngine.Hosting.DefaultTestHostManager, Microsoft.TestPlatform.TestHostRuntimeProvider, Version=15.0.0.0, Culture=neutral, PublicKeyToken=b03f5f7f11d50a3a' inside file '/usr/local/share/dotnet/sdk/8.0.204/Extensions/Microsoft.TestPlatform.TestHostRuntimeProvider.dll'
TpTrace Information: 0 : 18577, 1, 2024/06/06, 16:53:53.537, 20370653356583, vstest.console.dll, GetTestExtensionFromType: Register extension with identifier data 'HostProvider://DotnetTestHost' and type 'Microsoft.VisualStudio.TestPlatform.CrossPlatEngine.Hosting.DotnetTestHostManager, Microsoft.TestPlatform.TestHostRuntimeProvider, Version=15.0.0.0, Culture=neutral, PublicKeyToken=b03f5f7f11d50a3a' inside file '/usr/local/share/dotnet/sdk/8.0.204/Extensions/Microsoft.TestPlatform.TestHostRuntimeProvider.dll'
TpTrace Information: 0 : 18577, 1, 2024/06/06, 16:53:53.537, 20370653374041, vstest.console.dll, AssemblyResolver.OnResolve: Microsoft.TestPlatform.Extensions.EventLogCollector: Resolving assembly.
TpTrace Information: 0 : 18577, 1, 2024/06/06, 16:53:53.537, 20370653381916, vstest.console.dll, AssemblyResolver.OnResolve: Microsoft.TestPlatform.Extensions.EventLogCollector: Searching in: '/usr/local/share/dotnet/sdk/8.0.204/Extensions'.
TpTrace Information: 0 : 18577, 1, 2024/06/06, 16:53:53.537, 20370653433791, vstest.console.dll, AssemblyResolver.OnResolve: Microsoft.TestPlatform.Extensions.EventLogCollector: Loading assembly '/usr/local/share/dotnet/sdk/8.0.204/Extensions/Microsoft.TestPlatform.Extensions.EventLogCollector.dll'.
TpTrace Information: 0 : 18577, 1, 2024/06/06, 16:53:53.537, 20370653495500, vstest.console.dll, AssemblyResolver.OnResolve: Resolved assembly: Microsoft.TestPlatform.Extensions.EventLogCollector, from path: /usr/local/share/dotnet/sdk/8.0.204/Extensions/Microsoft.TestPlatform.Extensions.EventLogCollector.dll
TpTrace Verbose: 0 : 18577, 1, 2024/06/06, 16:53:53.537, 20370653508750, vstest.console.dll, MetadataReaderExtensionsHelper: Discovering extensions inside assembly 'Microsoft.TestPlatform.Extensions.EventLogCollector, Version=15.0.0.0, Culture=neutral, PublicKeyToken=b03f5f7f11d50a3a' file path '/usr/local/share/dotnet/sdk/8.0.204/Extensions/Microsoft.TestPlatform.Extensions.EventLogCollector.dll'
TpTrace Information: 0 : 18577, 1, 2024/06/06, 16:53:53.538, 20370653979208, vstest.console.dll, AssemblyResolver.OnResolve: Microsoft.VisualStudio.TestPlatform.Extensions.Html.TestLogger: Resolving assembly.
TpTrace Information: 0 : 18577, 1, 2024/06/06, 16:53:53.538, 20370653989875, vstest.console.dll, AssemblyResolver.OnResolve: Microsoft.VisualStudio.TestPlatform.Extensions.Html.TestLogger: Searching in: '/usr/local/share/dotnet/sdk/8.0.204/Extensions'.
TpTrace Information: 0 : 18577, 1, 2024/06/06, 16:53:53.538, 20370654034416, vstest.console.dll, AssemblyResolver.OnResolve: Microsoft.VisualStudio.TestPlatform.Extensions.Html.TestLogger: Loading assembly '/usr/local/share/dotnet/sdk/8.0.204/Extensions/Microsoft.VisualStudio.TestPlatform.Extensions.Html.TestLogger.dll'.
TpTrace Information: 0 : 18577, 1, 2024/06/06, 16:53:53.538, 20370654158291, vstest.console.dll, AssemblyResolver.OnResolve: Resolved assembly: Microsoft.VisualStudio.TestPlatform.Extensions.Html.TestLogger, from path: /usr/local/share/dotnet/sdk/8.0.204/Extensions/Microsoft.VisualStudio.TestPlatform.Extensions.Html.TestLogger.dll
TpTrace Verbose: 0 : 18577, 1, 2024/06/06, 16:53:53.538, 20370654171916, vstest.console.dll, MetadataReaderExtensionsHelper: Discovering extensions inside assembly 'Microsoft.VisualStudio.TestPlatform.Extensions.Html.TestLogger, Version=15.0.0.0, Culture=neutral, PublicKeyToken=b03f5f7f11d50a3a' file path '/usr/local/share/dotnet/sdk/8.0.204/Extensions/Microsoft.VisualStudio.TestPlatform.Extensions.Html.TestLogger.dll'
TpTrace Verbose: 0 : 18577, 1, 2024/06/06, 16:53:53.538, 20370654375541, vstest.console.dll, TestPluginCache: Discovered the extensions using extension path ''.
TpTrace Verbose: 0 : 18577, 1, 2024/06/06, 16:53:53.538, 20370654389541, vstest.console.dll, TestPluginCache: Discoverers are ''.
TpTrace Verbose: 0 : 18577, 1, 2024/06/06, 16:53:53.538, 20370654396083, vstest.console.dll, TestPluginCache: Executors are ''.
TpTrace Verbose: 0 : 18577, 1, 2024/06/06, 16:53:53.538, 20370654401625, vstest.console.dll, TestPluginCache: Executors2 are ''.
TpTrace Verbose: 0 : 18577, 1, 2024/06/06, 16:53:53.538, 20370654407125, vstest.console.dll, TestPluginCache: Setting providers are ''.
TpTrace Verbose: 0 : 18577, 1, 2024/06/06, 16:53:53.538, 20370654412333, vstest.console.dll, TestPluginCache: Loggers are ''.
TpTrace Verbose: 0 : 18577, 1, 2024/06/06, 16:53:53.538, 20370654474833, vstest.console.dll, TestPluginCache: TestHosts are 'HostProvider://DefaultTestHost,HostProvider://DotnetTestHost'.
TpTrace Verbose: 0 : 18577, 1, 2024/06/06, 16:53:53.538, 20370654482041, vstest.console.dll, TestPluginCache: DataCollectors are ''.
TpTrace Information: 0 : 18577, 1, 2024/06/06, 16:53:53.542, 20370658380000, vstest.console.dll, RunTestsArgumentProcessor:Execute: Test run is starting.
TpTrace Verbose: 0 : 18577, 1, 2024/06/06, 16:53:53.542, 20370658399250, vstest.console.dll, RunTestsArgumentProcessor:Execute: Queuing Test run.
TpTrace Information: 0 : 18577, 1, 2024/06/06, 16:53:53.542, 20370658484458, vstest.console.dll, TestRequestManager.RunTests: run tests started.
TpTrace Information: 0 : 18577, 1, 2024/06/06, 16:53:53.543, 20370659000916, vstest.console.dll, AssemblyMetadataProvider.GetFrameworkName: Determined framework:'.NETCoreApp,Version=v8.0' for source: '/Users/anatoliiyakubyshyn/Documents/Solvd/net/specflow/ExcelTesting/bin/Debug/net8.0/WordPadTesting.dll'
TpTrace Information: 0 : 18577, 1, 2024/06/06, 16:53:53.543, 20370659045208, vstest.console.dll, Determined framework for all sources: .NETCoreApp,Version=v8.0
TpTrace Verbose: 0 : 18577, 1, 2024/06/06, 16:53:53.543, 20370659117791, vstest.console.dll, TestRequestManager.UpdateRunSettingsIfRequired: Default architecture: ARM64 IsDefaultTargetArchitecture: True, Current process architecture: ARM64 OperatingSystem: OSX.
TpTrace Information: 0 : 18577, 1, 2024/06/06, 16:53:53.543, 20370659746500, vstest.console.dll, AssemblyMetadataProvider.GetArchitecture: Determined architecture:AnyCPU info for assembly: /Users/anatoliiyakubyshyn/Documents/Solvd/net/specflow/ExcelTesting/bin/Debug/net8.0/WordPadTesting.dll
TpTrace Information: 0 : 18577, 1, 2024/06/06, 16:53:53.543, 20370659757666, vstest.console.dll, Determined platform for source '/Users/anatoliiyakubyshyn/Documents/Solvd/net/specflow/ExcelTesting/bin/Debug/net8.0/WordPadTesting.dll' was AnyCPU and it will use the default plaform ARM64.
TpTrace Information: 0 : 18577, 1, 2024/06/06, 16:53:53.543, 20370659764541, vstest.console.dll, None of the sources provided any runnable platform, using the default platform: ARM64
TpTrace Information: 0 : 18577, 1, 2024/06/06, 16:53:53.543, 20370659808750, vstest.console.dll, Platform was updated to 'ARM64'.
TpTrace Information: 0 : 18577, 1, 2024/06/06, 16:53:53.544, 20370660581708, vstest.console.dll, Compatible sources list: 
TpTrace Information: 0 : 18577, 1, 2024/06/06, 16:53:53.544, 20370660616166, vstest.console.dll, /Users/anatoliiyakubyshyn/Documents/Solvd/net/specflow/ExcelTesting/bin/Debug/net8.0/WordPadTesting.dll
TpTrace Information: 0 : 18577, 1, 2024/06/06, 16:53:53.545, 20370661500750, vstest.console.dll, InferRunSettingsHelper.IsTestSettingsEnabled: Unable to navigate to RunSettings/MSTest. Current node: RunSettings
TpTrace Information: 0 : 18577, 1, 2024/06/06, 16:53:53.545, 20370661710750, vstest.console.dll, AssemblyResolver.OnResolve: Microsoft.VisualStudio.TestPlatform.Fakes: Resolving assembly.
TpTrace Information: 0 : 18577, 1, 2024/06/06, 16:53:53.545, 20370661725125, vstest.console.dll, AssemblyResolver.OnResolve: Microsoft.VisualStudio.TestPlatform.Fakes: Searching in: '/usr/local/share/dotnet/sdk/8.0.204/Extensions'.
TpTrace Information: 0 : 18577, 1, 2024/06/06, 16:53:53.545, 20370661742000, vstest.console.dll, AssemblyResolver.OnResolve: Microsoft.VisualStudio.TestPlatform.Fakes: Assembly path does not exist: '/usr/local/share/dotnet/sdk/8.0.204/Extensions/Microsoft.VisualStudio.TestPlatform.Fakes.dll', returning.
TpTrace Information: 0 : 18577, 1, 2024/06/06, 16:53:53.545, 20370661754458, vstest.console.dll, AssemblyResolver.OnResolve: Microsoft.VisualStudio.TestPlatform.Fakes: Assembly path does not exist: '/usr/local/share/dotnet/sdk/8.0.204/Extensions/Microsoft.VisualStudio.TestPlatform.Fakes.exe', returning.
TpTrace Information: 0 : 18577, 1, 2024/06/06, 16:53:53.545, 20370661761875, vstest.console.dll, AssemblyResolver.OnResolve: Microsoft.VisualStudio.TestPlatform.Fakes: Searching in: '/usr/local/share/dotnet/sdk/8.0.204'.
TpTrace Information: 0 : 18577, 1, 2024/06/06, 16:53:53.545, 20370661769416, vstest.console.dll, AssemblyResolver.OnResolve: Microsoft.VisualStudio.TestPlatform.Fakes: Assembly path does not exist: '/usr/local/share/dotnet/sdk/8.0.204/Microsoft.VisualStudio.TestPlatform.Fakes.dll', returning.
TpTrace Information: 0 : 18577, 1, 2024/06/06, 16:53:53.545, 20370661776958, vstest.console.dll, AssemblyResolver.OnResolve: Microsoft.VisualStudio.TestPlatform.Fakes: Assembly path does not exist: '/usr/local/share/dotnet/sdk/8.0.204/Microsoft.VisualStudio.TestPlatform.Fakes.exe', returning.
TpTrace Information: 0 : 18577, 1, 2024/06/06, 16:53:53.545, 20370661790375, vstest.console.dll, AssemblyResolver.OnResolve: Microsoft.VisualStudio.TestPlatform.Fakes: Failed to load assembly.
TpTrace Information: 0 : 18577, 1, 2024/06/06, 16:53:53.545, 20370661910750, vstest.console.dll, Failed to load assembly Microsoft.VisualStudio.TestPlatform.Fakes, Version=17.0.0.0, Culture=neutral. Reason:System.IO.FileNotFoundException: Could not load file or assembly 'Microsoft.VisualStudio.TestPlatform.Fakes, Version=17.0.0.0, Culture=neutral, PublicKeyToken=null'. The system cannot find the file specified.

File name: 'Microsoft.VisualStudio.TestPlatform.Fakes, Version=17.0.0.0, Culture=neutral, PublicKeyToken=null'
   at System.Reflection.RuntimeAssembly.InternalLoad(AssemblyName assemblyName, StackCrawlMark& stackMark, AssemblyLoadContext assemblyLoadContext, RuntimeAssembly requestingAssembly, Boolean throwOnFileNotFound)
   at System.Reflection.Assembly.Load(AssemblyName assemblyRef)
   at Microsoft.VisualStudio.TestPlatform.Common.Utilities.FakesUtilities.LoadTestPlatformAssembly() in /_/src/Microsoft.TestPlatform.Common/Utilities/FakesUtilities.cs:line 272
TpTrace Verbose: 0 : 18577, 1, 2024/06/06, 16:53:53.550, 20370666663625, vstest.console.dll, TestEngine: Initializing Parallel Execution as MaxCpuCount is set to: 1
TpTrace Information: 0 : 18577, 1, 2024/06/06, 16:53:53.551, 20370667256791, vstest.console.dll, TestPluginManager.CreateTestExtension: Attempting to load test extension: Microsoft.VisualStudio.TestPlatform.CrossPlatEngine.Hosting.DefaultTestHostManager
TpTrace Information: 0 : 18577, 1, 2024/06/06, 16:53:53.551, 20370667369583, vstest.console.dll, TestPluginManager.CreateTestExtension: Attempting to load test extension: Microsoft.VisualStudio.TestPlatform.CrossPlatEngine.Hosting.DotnetTestHostManager
TpTrace Information: 0 : 18577, 1, 2024/06/06, 16:53:53.551, 20370667554000, vstest.console.dll, InferRunSettingsHelper.IsTestSettingsEnabled: Unable to navigate to RunSettings/MSTest. Current node: RunSettings
TpTrace Verbose: 0 : 18577, 1, 2024/06/06, 16:53:53.551, 20370667739666, vstest.console.dll, ParallelOperationManager.ClearSlots: Clearing all slots. Slots should accept more work: True
TpTrace Verbose: 0 : 18577, 1, 2024/06/06, 16:53:53.552, 20370668017500, vstest.console.dll, ParallelOperationManager.SetOccupiedSlotCount: Setting slot counts AvailableSlotCount = 1, OccupiedSlotCount = 0.
TpTrace Verbose: 0 : 18577, 1, 2024/06/06, 16:53:53.552, 20370668152250, vstest.console.dll, Occupied slots:

TpTrace Verbose: 0 : 18577, 1, 2024/06/06, 16:53:53.553, 20370669679958, vstest.console.dll, TestEngine.GetExecutionManager: Chosen execution manager 'Microsoft.VisualStudio.TestPlatform.CrossPlatEngine.Client.Parallel.ParallelProxyExecutionManager, Microsoft.TestPlatform.CrossPlatEngine, Version=15.0.0.0, Culture=neutral, PublicKeyToken=b03f5f7f11d50a3a' ParallelLevel '1'.
TpTrace Verbose: 0 : 18577, 1, 2024/06/06, 16:53:53.553, 20370669727333, vstest.console.dll, TestRunRequest.ExecuteAsync: Creating test run request.
TpTrace Verbose: 0 : 18577, 1, 2024/06/06, 16:53:53.553, 20370669954333, vstest.console.dll, TestRunRequest.ExecuteAsync: Starting.
TpTrace Information: 0 : 18577, 1, 2024/06/06, 16:53:53.554, 20370670272041, vstest.console.dll, TestRunRequest.ExecuteAsync: Starting run with settings:TestRunCriteria:
   KeepAlive=False,FrequencyOfRunStatsChangeEvent=10,RunStatsChangeEventTimeout=00:00:01.5000000,TestCaseFilter=,TestExecutorLauncher=
   Settingsxml=<RunSettings>
  <RunConfiguration>
    <ResultsDirectory>/Users/anatoliiyakubyshyn/Documents/Solvd/net/specflow/ExcelTesting/TestResults</ResultsDirectory>
    <TargetPlatform>ARM64</TargetPlatform>
    <TargetFrameworkVersion>.NETCoreApp,Version=v8.0</TargetFrameworkVersion>
    <DesignMode>False</DesignMode>
    <CollectSourceInformation>False</CollectSourceInformation>
  </RunConfiguration>
  <LoggerRunSettings>
    <Loggers>
      <Logger friendlyName="Console" assemblyQualifiedName="Microsoft.VisualStudio.TestPlatform.CommandLine.Internal.ConsoleLogger, vstest.console, Version=15.0.0.0, Culture=neutral, PublicKeyToken=b03f5f7f11d50a3a" codeBase="/usr/local/share/dotnet/sdk/8.0.204/vstest.console.dll" enabled="True">
        <Configuration>
          <Verbosity>minimal</Verbosity>
        </Configuration>
      </Logger>
    </Loggers>
  </LoggerRunSettings>
</RunSettings>

TpTrace Verbose: 0 : 18577, 1, 2024/06/06, 16:53:53.554, 20370670297541, vstest.console.dll, TestRunRequest.ExecuteAsync: Wait for the first run request is over.
TpTrace Verbose: 0 : 18577, 1, 2024/06/06, 16:53:53.554, 20370670400291, vstest.console.dll, MulticastDelegateUtilities.SafeInvoke: TestRun.TestRunStart: Invoking callbacks was skipped because there are no subscribers.
TpTrace Verbose: 0 : 18577, 4, 2024/06/06, 16:53:53.554, 20370670631666, vstest.console.dll, MulticastDelegateUtilities.SafeInvoke: InternalTestLoggerEvents.SendTestRunStart: Invoking callback 1/1 for Microsoft.VisualStudio.TestPlatform.CommandLine.Internal.ConsoleLogger., took 0 ms.
TpTrace Verbose: 0 : 18577, 1, 2024/06/06, 16:53:53.554, 20370670888625, vstest.console.dll, ParallelProxyExecutionManager: Start execution. Total sources: 1
TpTrace Verbose: 0 : 18577, 1, 2024/06/06, 16:53:53.555, 20370671030666, vstest.console.dll, ParallelOperationManager.StartWork: Starting adding 1 workloads.
TpTrace Verbose: 0 : 18577, 1, 2024/06/06, 16:53:53.555, 20370671051041, vstest.console.dll, ParallelOperationManager.ClearSlots: Clearing all slots. Slots should accept more work: True
TpTrace Verbose: 0 : 18577, 1, 2024/06/06, 16:53:53.555, 20370671076916, vstest.console.dll, ParallelOperationManager.SetOccupiedSlotCount: Setting slot counts AvailableSlotCount = 1, OccupiedSlotCount = 0.
TpTrace Verbose: 0 : 18577, 1, 2024/06/06, 16:53:53.555, 20370671087541, vstest.console.dll, Occupied slots:

TpTrace Verbose: 0 : 18577, 1, 2024/06/06, 16:53:53.555, 20370671592791, vstest.console.dll, TestRequestSender is acting as server.
TpTrace Verbose: 0 : 18577, 1, 2024/06/06, 16:53:53.555, 20370671705000, vstest.console.dll, ParallelOperationManager.RunWorkInParallel: Adding 1 workload to slot, remaining workloads 0.
TpTrace Verbose: 0 : 18577, 1, 2024/06/06, 16:53:53.555, 20370671720083, vstest.console.dll, ParallelOperationManager.SetOccupiedSlotCount: Setting slot counts AvailableSlotCount = 0, OccupiedSlotCount = 1.
TpTrace Verbose: 0 : 18577, 1, 2024/06/06, 16:53:53.555, 20370671753875, vstest.console.dll, Occupied slots:
0: /Users/anatoliiyakubyshyn/Documents/Solvd/net/specflow/ExcelTesting/bin/Debug/net8.0/WordPadTesting.dll
TpTrace Verbose: 0 : 18577, 1, 2024/06/06, 16:53:53.556, 20370672200291, vstest.console.dll, ParallelOperationManager.RunWorkInParallel: Started host in slot number 0 for work (source): /Users/anatoliiyakubyshyn/Documents/Solvd/net/specflow/ExcelTesting/bin/Debug/net8.0/WordPadTesting.dll.
TpTrace Verbose: 0 : 18577, 1, 2024/06/06, 16:53:53.556, 20370672628458, vstest.console.dll, ParallelOperationManager.RunWorkInParallel: We started 1 work items, which is the max parallel level. Won't start more work.
TpTrace Verbose: 0 : 18577, 1, 2024/06/06, 16:53:53.556, 20370672669833, vstest.console.dll, ParallelOperationManager.RunWorkInParallel: We started 1 work items in here, returning True.
TpTrace Information: 0 : 18577, 1, 2024/06/06, 16:53:53.556, 20370672681208, vstest.console.dll, TestRunRequest.ExecuteAsync: Started.
TpTrace Verbose: 0 : 18577, 5, 2024/06/06, 16:53:53.556, 20370672773750, vstest.console.dll, ParallelProxyExecutionManager.StartTestRunOnConcurrentManager: Initializing uninitialized client. Started clients: 0
TpTrace Verbose: 0 : 18577, 5, 2024/06/06, 16:53:53.556, 20370672797083, vstest.console.dll, ParallelProxyExecutionManager.StartTestRunOnConcurrentManager: Initializing test run. Started clients: 0
TpTrace Verbose: 0 : 18577, 5, 2024/06/06, 16:53:53.556, 20370672832375, vstest.console.dll, ProxyExecutionManager: Test host is always Lazy initialize.
TpTrace Verbose: 0 : 18577, 5, 2024/06/06, 16:53:53.556, 20370672943875, vstest.console.dll, TestRequestSender.InitializeCommunication: initialize communication. 
TpTrace Verbose: 0 : 18577, 1, 2024/06/06, 16:53:53.557, 20370672986291, vstest.console.dll, TestRunRequest.WaitForCompletion: Waiting with timeout -1.
TpTrace Information: 0 : 18577, 5, 2024/06/06, 16:53:53.560, 20370676295583, vstest.console.dll, SocketServer.Start: Listening on endpoint : 127.0.0.1:49430
TpTrace Verbose: 0 : 18577, 5, 2024/06/06, 16:53:53.562, 20370678432833, vstest.console.dll, DotnetTestHostmanager.GetTestHostProcessStartInfo: Platform environment 'ARM64' target architecture 'ARM64' framework '.NETCoreApp,Version=v8.0' OS 'OSX'
TpTrace Verbose: 0 : 18577, 5, 2024/06/06, 16:53:53.562, 20370678551083, vstest.console.dll, DotnetTestHostmanager: Adding  --runtimeconfig "/Users/anatoliiyakubyshyn/Documents/Solvd/net/specflow/ExcelTesting/bin/Debug/net8.0/WordPadTesting.runtimeconfig.json" in args
TpTrace Verbose: 0 : 18577, 5, 2024/06/06, 16:53:53.562, 20370678569250, vstest.console.dll, DotnetTestHostmanager: Adding  --depsfile "/Users/anatoliiyakubyshyn/Documents/Solvd/net/specflow/ExcelTesting/bin/Debug/net8.0/WordPadTesting.deps.json" in args
TpTrace Information: 0 : 18577, 5, 2024/06/06, 16:53:53.562, 20370678615458, vstest.console.dll, AssemblyResolver.OnResolve: Microsoft.Extensions.DependencyModel: Resolving assembly.
TpTrace Information: 0 : 18577, 5, 2024/06/06, 16:53:53.562, 20370678635166, vstest.console.dll, AssemblyResolver.OnResolve: Microsoft.Extensions.DependencyModel: Searching in: '/usr/local/share/dotnet/sdk/8.0.204/Extensions'.
TpTrace Information: 0 : 18577, 5, 2024/06/06, 16:53:53.562, 20370678652291, vstest.console.dll, AssemblyResolver.OnResolve: Microsoft.Extensions.DependencyModel: Assembly path does not exist: '/usr/local/share/dotnet/sdk/8.0.204/Extensions/Microsoft.Extensions.DependencyModel.dll', returning.
TpTrace Information: 0 : 18577, 5, 2024/06/06, 16:53:53.562, 20370678663333, vstest.console.dll, AssemblyResolver.OnResolve: Microsoft.Extensions.DependencyModel: Assembly path does not exist: '/usr/local/share/dotnet/sdk/8.0.204/Extensions/Microsoft.Extensions.DependencyModel.exe', returning.
TpTrace Information: 0 : 18577, 5, 2024/06/06, 16:53:53.562, 20370678672625, vstest.console.dll, AssemblyResolver.OnResolve: Microsoft.Extensions.DependencyModel: Searching in: '/usr/local/share/dotnet/sdk/8.0.204'.
TpTrace Information: 0 : 18577, 5, 2024/06/06, 16:53:53.562, 20370678814333, vstest.console.dll, AssemblyResolver.OnResolve: Microsoft.Extensions.DependencyModel: Loading assembly '/usr/local/share/dotnet/sdk/8.0.204/Microsoft.Extensions.DependencyModel.dll'.
TpTrace Information: 0 : 18577, 5, 2024/06/06, 16:53:53.563, 20370679015500, vstest.console.dll, AssemblyResolver.OnResolve: Resolved assembly: Microsoft.Extensions.DependencyModel, from path: /usr/local/share/dotnet/sdk/8.0.204/Microsoft.Extensions.DependencyModel.dll
TpTrace Verbose: 0 : 18577, 5, 2024/06/06, 16:53:53.563, 20370679229833, vstest.console.dll, DotnetTestHostmanager: Runtimeconfig.dev.json /Users/anatoliiyakubyshyn/Documents/Solvd/net/specflow/ExcelTesting/bin/Debug/net8.0/WordPadTesting.runtimeconfig.dev.json does not exist.
TpTrace Verbose: 0 : 18577, 5, 2024/06/06, 16:53:53.563, 20370679242291, vstest.console.dll, DotnetTestHostManager: Found testhost.dll in source directory: /Users/anatoliiyakubyshyn/Documents/Solvd/net/specflow/ExcelTesting/bin/Debug/net8.0/testhost.dll.
TpTrace Verbose: 0 : 18577, 5, 2024/06/06, 16:53:53.563, 20370679271458, vstest.console.dll, DotnetTestHostmanager: Current process architetcure 'ARM64'
TpTrace Verbose: 0 : 18577, 5, 2024/06/06, 16:53:53.563, 20370679299666, vstest.console.dll, DotnetTestHostmanager.LaunchTestHostAsync: Compatible muxer architecture of running process 'ARM64' and target architecture 'ARM64'
TpTrace Verbose: 0 : 18577, 5, 2024/06/06, 16:53:53.563, 20370679309166, vstest.console.dll, DotnetTestHostmanager: Full path of testhost.dll is /Users/anatoliiyakubyshyn/Documents/Solvd/net/specflow/ExcelTesting/bin/Debug/net8.0/testhost.dll
TpTrace Verbose: 0 : 18577, 5, 2024/06/06, 16:53:53.563, 20370679319458, vstest.console.dll, DotnetTestHostmanager: Full path of host exe is /usr/local/share/dotnet/dotnet
TpTrace Verbose: 0 : 18577, 5, 2024/06/06, 16:53:53.563, 20370679424416, vstest.console.dll, DotnetTestHostManager: Starting process '/usr/local/share/dotnet/dotnet' with command line 'exec --runtimeconfig "/Users/anatoliiyakubyshyn/Documents/Solvd/net/specflow/ExcelTesting/bin/Debug/net8.0/WordPadTesting.runtimeconfig.json" --depsfile "/Users/anatoliiyakubyshyn/Documents/Solvd/net/specflow/ExcelTesting/bin/Debug/net8.0/WordPadTesting.deps.json" "/Users/anatoliiyakubyshyn/Documents/Solvd/net/specflow/ExcelTesting/bin/Debug/net8.0/testhost.dll" --port 49430 --endpoint 127.0.0.1:049430 --role client --parentprocessid 18577 --diag "/Users/anatoliiyakubyshyn/Documents/Solvd/net/specflow/ExcelTesting/logs/log.host.24-06-06_16-53-53_56221_5.txt" --tracelevel 4 --telemetryoptedin false'
TpTrace Verbose: 0 : 18577, 5, 2024/06/06, 16:53:53.585, 20370701936500, vstest.console.dll, Test Runtime launched
TpTrace Verbose: 0 : 18577, 5, 2024/06/06, 16:53:53.586, 20370702078416, vstest.console.dll, MulticastDelegateUtilities.SafeInvoke: HostProviderEvents.OnHostLaunched: Invoking callback 1/1 for Microsoft.VisualStudio.TestPlatform.CrossPlatEngine.Client.ProxyOperationManager., took 0 ms.
TpTrace Verbose: 0 : 18577, 5, 2024/06/06, 16:53:53.586, 20370702229958, vstest.console.dll, TestRequestSender.WaitForRequestHandlerConnection: waiting for connection with timeout: 90000.
TpTrace Verbose: 0 : 18577, 10, 2024/06/06, 16:53:53.650, 20370766066250, vstest.console.dll, MulticastDelegateUtilities.SafeInvoke: SocketServer: ClientConnected: Invoking callback 1/1 for Microsoft.VisualStudio.TestPlatform.CommunicationUtilities.TestRequestSender., took 0 ms.
TpTrace Verbose: 0 : 18577, 10, 2024/06/06, 16:53:53.650, 20370766139333, vstest.console.dll, SocketServer.OnClientConnected: Client connected for endPoint: 127.0.0.1:49430, starting MessageLoopAsync:
TpTrace Verbose: 0 : 18577, 5, 2024/06/06, 16:53:53.650, 20370766075250, vstest.console.dll, TestRequestSender.WaitForRequestHandlerConnection: waiting took 63 ms, with timeout 90000 ms, and result 0, which is success.
TpTrace Verbose: 0 : 18577, 11, 2024/06/06, 16:53:53.650, 20370766457666, vstest.console.dll, TcpClientExtensions.MessageLoopAsync: Polling on remoteEndPoint: 127.0.0.1:49431 localEndPoint: 127.0.0.1:49430 after 0 ms
TpTrace Verbose: 0 : 18577, 5, 2024/06/06, 16:53:53.667, 20370783822333, vstest.console.dll, TestRequestSender.CheckVersionWithTestHost: Sending check version message: {"MessageType":"ProtocolVersion","Payload":7}
TpTrace Verbose: 0 : 18577, 11, 2024/06/06, 16:53:53.717, 20370833585583, vstest.console.dll, TcpClientExtensions.MessageLoopAsync: NotifyDataAvailable remoteEndPoint: 127.0.0.1:49431 localEndPoint: 127.0.0.1:49430
TpTrace Verbose: 0 : 18577, 11, 2024/06/06, 16:53:53.717, 20370833966500, vstest.console.dll, TestRequestSender.CheckVersionWithTestHost: onMessageReceived received message: (ProtocolVersion) -> {"MessageType":"ProtocolVersion","Payload":2}
TpTrace Verbose: 0 : 18577, 11, 2024/06/06, 16:53:53.719, 20370835863833, vstest.console.dll, MulticastDelegateUtilities.SafeInvoke: LengthPrefixCommunicationChannel: MessageReceived: Invoking callback 1/1 for Microsoft.VisualStudio.TestPlatform.CommunicationUtilities.TestRequestSender+<>c__DisplayClass29_0., took 1 ms.
TpTrace Verbose: 0 : 18577, 11, 2024/06/06, 16:53:53.719, 20370835896333, vstest.console.dll, TcpClientExtensions.MessageLoopAsync: Polling on remoteEndPoint: 127.0.0.1:49431 localEndPoint: 127.0.0.1:49430 after 69 ms
TpTrace Verbose: 0 : 18577, 5, 2024/06/06, 16:53:53.719, 20370835955291, vstest.console.dll, TestPluginCache.GetExtensionPaths: Filtered extension paths: 
TpTrace Verbose: 0 : 18577, 5, 2024/06/06, 16:53:53.720, 20370835980875, vstest.console.dll, TestPluginCache.GetExtensionPaths: Added default extension paths: /usr/local/share/dotnet/sdk/8.0.204/Extensions/Microsoft.VisualStudio.TestPlatform.Extensions.Trx.TestLogger.dll
/usr/local/share/dotnet/sdk/8.0.204/Extensions/Microsoft.Diagnostics.NETCore.Client.dll
/usr/local/share/dotnet/sdk/8.0.204/Extensions/Microsoft.TestPlatform.Extensions.BlameDataCollector.dll
/usr/local/share/dotnet/sdk/8.0.204/Extensions/Microsoft.TestPlatform.TestHostRuntimeProvider.dll
/usr/local/share/dotnet/sdk/8.0.204/Extensions/Microsoft.TestPlatform.Extensions.EventLogCollector.dll
/usr/local/share/dotnet/sdk/8.0.204/Extensions/Microsoft.VisualStudio.TestPlatform.Extensions.Html.TestLogger.dll
TpTrace Verbose: 0 : 18577, 5, 2024/06/06, 16:53:53.720, 20370836004750, vstest.console.dll, TestPluginCache.GetExtensionPaths: Added unfilterableExtensionPaths: 
TpTrace Verbose: 0 : 18577, 11, 2024/06/06, 16:53:53.721, 20370837449500, vstest.console.dll, TcpClientExtensions.MessageLoopAsync: NotifyDataAvailable remoteEndPoint: 127.0.0.1:49431 localEndPoint: 127.0.0.1:49430
TpTrace Verbose: 0 : 18577, 5, 2024/06/06, 16:53:53.721, 20370837704791, vstest.console.dll, TestRequestSender.InitializeExecution: Sending initialize execution with message: {"Version":2,"MessageType":"TestExecution.Initialize","Payload":["/Users/anatoliiyakubyshyn/Documents/Solvd/net/specflow/ExcelTesting/bin/Debug/net8.0/NUnit3.TestAdapter.dll"]}
TpTrace Verbose: 0 : 18577, 5, 2024/06/06, 16:53:53.721, 20370837766875, vstest.console.dll, ParallelProxyExecutionManager.StartTestRunOnConcurrentManager: Execution starting. Started clients: 1
TpTrace Warning: 0 : 18577, 5, 2024/06/06, 16:53:53.722, 20370837982083, vstest.console.dll, InferRunSettingsHelper.MakeRunsettingsCompatible: Removing the following settings: TargetPlatform from RunSettings file. To use those settings please move to latest version of Microsoft.NET.Test.Sdk
TpTrace Verbose: 0 : 18577, 11, 2024/06/06, 16:53:53.722, 20370838315125, vstest.console.dll, TestRequestSender.OnExecutionMessageReceived: Received message: {"Version":2,"MessageType":"TestSession.Message","Payload":{"MessageLevel":0,"Message":"Logging TestHost Diagnostics in file: /Users/anatoliiyakubyshyn/Documents/Solvd/net/specflow/ExcelTesting/logs/log.host.24-06-06_16-53-53_56221_5.txt"}}
TpTrace Verbose: 0 : 18577, 11, 2024/06/06, 16:53:53.723, 20370839716000, vstest.console.dll, TestRunRequest:SendTestRunMessage: Starting.
TpTrace Verbose: 0 : 18577, 11, 2024/06/06, 16:53:53.723, 20370839815833, vstest.console.dll, MulticastDelegateUtilities.SafeInvoke: TestRun.LogMessages: Invoking callback 1/1 for Microsoft.VisualStudio.TestPlatform.CommandLine.TestRunResultAggregator., took 0 ms.
TpTrace Information: 0 : 18577, 11, 2024/06/06, 16:53:53.723, 20370839828416, vstest.console.dll, TestRunRequest:SendTestRunMessage: Completed.
TpTrace Verbose: 0 : 18577, 11, 2024/06/06, 16:53:53.723, 20370839839333, vstest.console.dll, MulticastDelegateUtilities.SafeInvoke: LengthPrefixCommunicationChannel: MessageReceived: Invoking callback 1/1 for Microsoft.VisualStudio.TestPlatform.CommunicationUtilities.TestRequestSender+<>c__DisplayClass34_0., took 1 ms.
TpTrace Verbose: 0 : 18577, 11, 2024/06/06, 16:53:53.723, 20370839849000, vstest.console.dll, TcpClientExtensions.MessageLoopAsync: Polling on remoteEndPoint: 127.0.0.1:49431 localEndPoint: 127.0.0.1:49430 after 3 ms
TpTrace Verbose: 0 : 18577, 4, 2024/06/06, 16:53:53.723, 20370839954500, vstest.console.dll, MulticastDelegateUtilities.SafeInvoke: InternalTestLoggerEvents.SendTestRunMessage: Invoking callback 1/1 for Microsoft.VisualStudio.TestPlatform.CommandLine.Internal.ConsoleLogger., took 0 ms.
TpTrace Verbose: 0 : 18577, 5, 2024/06/06, 16:53:53.725, 20370841000541, vstest.console.dll, TestRequestSender.StartTestRun: Sending test run with message: {"Version":2,"MessageType":"TestExecution.StartWithSources","Payload":{"AdapterSourceMap":{"_none_":["/Users/anatoliiyakubyshyn/Documents/Solvd/net/specflow/ExcelTesting/bin/Debug/net8.0/WordPadTesting.dll"]},"RunSettings":"<RunSettings>\n  <RunConfiguration>\n    <ResultsDirectory>/Users/anatoliiyakubyshyn/Documents/Solvd/net/specflow/ExcelTesting/TestResults</ResultsDirectory>\n    <TargetFrameworkVersion>.NETCoreApp,Version=v8.0</TargetFrameworkVersion>\n    <DesignMode>False</DesignMode>\n    <CollectSourceInformation>False</CollectSourceInformation>\n  </RunConfiguration>\n  <LoggerRunSettings>\n    <Loggers>\n      <Logger friendlyName=\"Console\" assemblyQualifiedName=\"Microsoft.VisualStudio.TestPlatform.CommandLine.Internal.ConsoleLogger, vstest.console, Version=15.0.0.0, Culture=neutral, PublicKeyToken=b03f5f7f11d50a3a\" codeBase=\"/usr/local/share/dotnet/sdk/8.0.204/vstest.console.dll\" enabled=\"True\">\n        <Configuration>\n          <Verbosity>minimal</Verbosity>\n        </Configuration>\n      </Logger>\n    </Loggers>\n  </LoggerRunSettings>\n</RunSettings>","TestExecutionContext":{"FrequencyOfRunStatsChangeEvent":10,"RunStatsChangeEventTimeout":"00:00:01.5000000","InIsolation":false,"KeepAlive":false,"AreTestCaseLevelEventsRequired":false,"IsDebug":false,"TestCaseFilter":null,"FilterOptions":null},"Package":null}}
TpTrace Verbose: 0 : 18577, 5, 2024/06/06, 16:53:53.725, 20370841071875, vstest.console.dll, ParallelProxyExecutionManager.StartTestRunOnConcurrentManager: Execution started. Started clients: 1
TpTrace Verbose: 0 : 18577, 11, 2024/06/06, 16:53:53.780, 20370896902541, vstest.console.dll, TcpClientExtensions.MessageLoopAsync: NotifyDataAvailable remoteEndPoint: 127.0.0.1:49431 localEndPoint: 127.0.0.1:49430
TpTrace Verbose: 0 : 18577, 11, 2024/06/06, 16:53:53.781, 20370897003541, vstest.console.dll, TestRequestSender.OnExecutionMessageReceived: Received message: {"Version":2,"MessageType":"TestSession.Message","Payload":{"MessageLevel":0,"Message":"NUnit Adapter 3.17.0.0: Test execution started"}}
TpTrace Verbose: 0 : 18577, 11, 2024/06/06, 16:53:53.781, 20370897111125, vstest.console.dll, TestRunRequest:SendTestRunMessage: Starting.
TpTrace Verbose: 0 : 18577, 11, 2024/06/06, 16:53:53.781, 20370897140166, vstest.console.dll, MulticastDelegateUtilities.SafeInvoke: TestRun.LogMessages: Invoking callback 1/1 for Microsoft.VisualStudio.TestPlatform.CommandLine.TestRunResultAggregator., took 0 ms.
TpTrace Information: 0 : 18577, 11, 2024/06/06, 16:53:53.781, 20370897148416, vstest.console.dll, TestRunRequest:SendTestRunMessage: Completed.
TpTrace Verbose: 0 : 18577, 4, 2024/06/06, 16:53:53.781, 20370897154458, vstest.console.dll, MulticastDelegateUtilities.SafeInvoke: InternalTestLoggerEvents.SendTestRunMessage: Invoking callback 1/1 for Microsoft.VisualStudio.TestPlatform.CommandLine.Internal.ConsoleLogger., took 0 ms.
TpTrace Verbose: 0 : 18577, 11, 2024/06/06, 16:53:53.781, 20370897155958, vstest.console.dll, MulticastDelegateUtilities.SafeInvoke: LengthPrefixCommunicationChannel: MessageReceived: Invoking callback 1/1 for Microsoft.VisualStudio.TestPlatform.CommunicationUtilities.TestRequestSender+<>c__DisplayClass34_0., took 0 ms.
TpTrace Verbose: 0 : 18577, 11, 2024/06/06, 16:53:53.781, 20370897187583, vstest.console.dll, TcpClientExtensions.MessageLoopAsync: Polling on remoteEndPoint: 127.0.0.1:49431 localEndPoint: 127.0.0.1:49430 after 57 ms
TpTrace Verbose: 0 : 18577, 11, 2024/06/06, 16:53:53.790, 20370906001458, vstest.console.dll, TcpClientExtensions.MessageLoopAsync: NotifyDataAvailable remoteEndPoint: 127.0.0.1:49431 localEndPoint: 127.0.0.1:49430
TpTrace Verbose: 0 : 18577, 11, 2024/06/06, 16:53:53.790, 20370906067416, vstest.console.dll, TestRequestSender.OnExecutionMessageReceived: Received message: {"Version":2,"MessageType":"TestSession.Message","Payload":{"MessageLevel":0,"Message":"Running all tests in /Users/anatoliiyakubyshyn/Documents/Solvd/net/specflow/ExcelTesting/bin/Debug/net8.0/WordPadTesting.dll"}}
TpTrace Verbose: 0 : 18577, 11, 2024/06/06, 16:53:53.790, 20370906110375, vstest.console.dll, TestRunRequest:SendTestRunMessage: Starting.
TpTrace Verbose: 0 : 18577, 11, 2024/06/06, 16:53:53.790, 20370906132250, vstest.console.dll, MulticastDelegateUtilities.SafeInvoke: TestRun.LogMessages: Invoking callback 1/1 for Microsoft.VisualStudio.TestPlatform.CommandLine.TestRunResultAggregator., took 0 ms.
TpTrace Information: 0 : 18577, 11, 2024/06/06, 16:53:53.790, 20370906140333, vstest.console.dll, TestRunRequest:SendTestRunMessage: Completed.
TpTrace Verbose: 0 : 18577, 11, 2024/06/06, 16:53:53.790, 20370906155833, vstest.console.dll, MulticastDelegateUtilities.SafeInvoke: LengthPrefixCommunicationChannel: MessageReceived: Invoking callback 1/1 for Microsoft.VisualStudio.TestPlatform.CommunicationUtilities.TestRequestSender+<>c__DisplayClass34_0., took 0 ms.
TpTrace Verbose: 0 : 18577, 11, 2024/06/06, 16:53:53.790, 20370906168666, vstest.console.dll, TcpClientExtensions.MessageLoopAsync: Polling on remoteEndPoint: 127.0.0.1:49431 localEndPoint: 127.0.0.1:49430 after 8 ms
TpTrace Verbose: 0 : 18577, 4, 2024/06/06, 16:53:53.790, 20370906173541, vstest.console.dll, MulticastDelegateUtilities.SafeInvoke: InternalTestLoggerEvents.SendTestRunMessage: Invoking callback 1/1 for Microsoft.VisualStudio.TestPlatform.CommandLine.Internal.ConsoleLogger., took 0 ms.
TpTrace Verbose: 0 : 18577, 11, 2024/06/06, 16:53:53.844, 20370960329416, vstest.console.dll, TcpClientExtensions.MessageLoopAsync: NotifyDataAvailable remoteEndPoint: 127.0.0.1:49431 localEndPoint: 127.0.0.1:49430
TpTrace Verbose: 0 : 18577, 11, 2024/06/06, 16:53:53.844, 20370960379833, vstest.console.dll, TestRequestSender.OnExecutionMessageReceived: Received message: {"Version":2,"MessageType":"TestSession.Message","Payload":{"MessageLevel":0,"Message":"   NUnit3TestExecutor discovered 3 of 3 NUnit test cases"}}
TpTrace Verbose: 0 : 18577, 11, 2024/06/06, 16:53:53.844, 20370960412000, vstest.console.dll, TestRunRequest:SendTestRunMessage: Starting.
TpTrace Verbose: 0 : 18577, 11, 2024/06/06, 16:53:53.844, 20370960427708, vstest.console.dll, MulticastDelegateUtilities.SafeInvoke: TestRun.LogMessages: Invoking callback 1/1 for Microsoft.VisualStudio.TestPlatform.CommandLine.TestRunResultAggregator., took 0 ms.
TpTrace Information: 0 : 18577, 11, 2024/06/06, 16:53:53.844, 20370960435375, vstest.console.dll, TestRunRequest:SendTestRunMessage: Completed.
TpTrace Verbose: 0 : 18577, 11, 2024/06/06, 16:53:53.844, 20370960442208, vstest.console.dll, MulticastDelegateUtilities.SafeInvoke: LengthPrefixCommunicationChannel: MessageReceived: Invoking callback 1/1 for Microsoft.VisualStudio.TestPlatform.CommunicationUtilities.TestRequestSender+<>c__DisplayClass34_0., took 0 ms.
TpTrace Verbose: 0 : 18577, 11, 2024/06/06, 16:53:53.844, 20370960449041, vstest.console.dll, TcpClientExtensions.MessageLoopAsync: Polling on remoteEndPoint: 127.0.0.1:49431 localEndPoint: 127.0.0.1:49430 after 54 ms
TpTrace Verbose: 0 : 18577, 4, 2024/06/06, 16:53:53.844, 20370960476958, vstest.console.dll, MulticastDelegateUtilities.SafeInvoke: InternalTestLoggerEvents.SendTestRunMessage: Invoking callback 1/1 for Microsoft.VisualStudio.TestPlatform.CommandLine.Internal.ConsoleLogger., took 0 ms.
TpTrace Verbose: 0 : 18577, 5, 2024/06/06, 16:53:53.867, 20370983482666, vstest.console.dll, TestHostManagerCallbacks.ctor: Experimental forwarding output is disabled.
TpTrace Warning: 0 : 18577, 5, 2024/06/06, 16:53:53.867, 20370983532583, vstest.console.dll, TestHostManagerCallbacks.ErrorReceivedCallback Test host standard error line: Unhandled exception. System.TypeInitializationException: The type initializer for 'ZebrunnerAgent.Attributes.ZebrunnerAssembly' threw an exception.
TpTrace Verbose: 0 : 18577, 5, 2024/06/06, 16:53:53.867, 20370983564500, vstest.console.dll, TestHostManagerCallbacks.ctor: Experimental forwarding output is disabled.
TpTrace Warning: 0 : 18577, 5, 2024/06/06, 16:53:53.867, 20370983578041, vstest.console.dll, TestHostManagerCallbacks.ErrorReceivedCallback Test host standard error line:  ---> System.TypeInitializationException: The type initializer for 'ZebrunnerAgent.Registrar.ReportingRegistrar' threw an exception.
TpTrace Verbose: 0 : 18577, 5, 2024/06/06, 16:53:53.867, 20370983591166, vstest.console.dll, TestHostManagerCallbacks.ctor: Experimental forwarding output is disabled.
TpTrace Warning: 0 : 18577, 5, 2024/06/06, 16:53:53.867, 20370983598083, vstest.console.dll, TestHostManagerCallbacks.ErrorReceivedCallback Test host standard error line:  ---> System.TypeInitializationException: The type initializer for 'NLog.LogManager' threw an exception.
TpTrace Verbose: 0 : 18577, 5, 2024/06/06, 16:53:53.867, 20370983615541, vstest.console.dll, TestHostManagerCallbacks.ctor: Experimental forwarding output is disabled.
TpTrace Warning: 0 : 18577, 5, 2024/06/06, 16:53:53.867, 20370983621875, vstest.console.dll, TestHostManagerCallbacks.ErrorReceivedCallback Test host standard error line:  ---> System.TypeInitializationException: The type initializer for 'NLog.LogFactory' threw an exception.
TpTrace Verbose: 0 : 18577, 5, 2024/06/06, 16:53:53.867, 20370983628458, vstest.console.dll, TestHostManagerCallbacks.ctor: Experimental forwarding output is disabled.
TpTrace Warning: 0 : 18577, 5, 2024/06/06, 16:53:53.867, 20370983634416, vstest.console.dll, TestHostManagerCallbacks.ErrorReceivedCallback Test host standard error line:  ---> System.MissingMethodException: Method not found: 'System.String System.AppDomainSetup.get_ConfigurationFile()'.
TpTrace Verbose: 0 : 18577, 5, 2024/06/06, 16:53:53.867, 20370983640791, vstest.console.dll, TestHostManagerCallbacks.ctor: Experimental forwarding output is disabled.
TpTrace Warning: 0 : 18577, 5, 2024/06/06, 16:53:53.867, 20370983646500, vstest.console.dll, TestHostManagerCallbacks.ErrorReceivedCallback Test host standard error line:    at NLog.Internal.Fakeables.AppDomainWrapper..ctor(AppDomain appDomain)
TpTrace Verbose: 0 : 18577, 5, 2024/06/06, 16:53:53.867, 20370983652166, vstest.console.dll, TestHostManagerCallbacks.ctor: Experimental forwarding output is disabled.
TpTrace Warning: 0 : 18577, 5, 2024/06/06, 16:53:53.867, 20370983660333, vstest.console.dll, TestHostManagerCallbacks.ErrorReceivedCallback Test host standard error line:    at NLog.Internal.Fakeables.AppDomainWrapper.get_CurrentDomain()
TpTrace Verbose: 0 : 18577, 5, 2024/06/06, 16:53:53.867, 20370983666083, vstest.console.dll, TestHostManagerCallbacks.ctor: Experimental forwarding output is disabled.
TpTrace Warning: 0 : 18577, 5, 2024/06/06, 16:53:53.867, 20370983671666, vstest.console.dll, TestHostManagerCallbacks.ErrorReceivedCallback Test host standard error line:    at NLog.LogFactory.get_CurrentAppDomain()
TpTrace Verbose: 0 : 18577, 5, 2024/06/06, 16:53:53.867, 20370983677125, vstest.console.dll, TestHostManagerCallbacks.ctor: Experimental forwarding output is disabled.
TpTrace Warning: 0 : 18577, 5, 2024/06/06, 16:53:53.867, 20370983682500, vstest.console.dll, TestHostManagerCallbacks.ErrorReceivedCallback Test host standard error line:    at NLog.LogFactory..cctor()
TpTrace Verbose: 0 : 18577, 5, 2024/06/06, 16:53:53.867, 20370983687958, vstest.console.dll, TestHostManagerCallbacks.ctor: Experimental forwarding output is disabled.
TpTrace Warning: 0 : 18577, 5, 2024/06/06, 16:53:53.867, 20370983693791, vstest.console.dll, TestHostManagerCallbacks.ErrorReceivedCallback Test host standard error line:    --- End of inner exception stack trace ---
TpTrace Verbose: 0 : 18577, 5, 2024/06/06, 16:53:53.867, 20370983699166, vstest.console.dll, TestHostManagerCallbacks.ctor: Experimental forwarding output is disabled.
TpTrace Warning: 0 : 18577, 5, 2024/06/06, 16:53:53.867, 20370983704625, vstest.console.dll, TestHostManagerCallbacks.ErrorReceivedCallback Test host standard error line:    at NLog.LogFactory..ctor()
TpTrace Verbose: 0 : 18577, 5, 2024/06/06, 16:53:53.867, 20370983709958, vstest.console.dll, TestHostManagerCallbacks.ctor: Experimental forwarding output is disabled.
TpTrace Warning: 0 : 18577, 5, 2024/06/06, 16:53:53.867, 20370983715250, vstest.console.dll, TestHostManagerCallbacks.ErrorReceivedCallback Test host standard error line:    at NLog.LogManager..cctor()
TpTrace Verbose: 0 : 18577, 5, 2024/06/06, 16:53:53.867, 20370983720666, vstest.console.dll, TestHostManagerCallbacks.ctor: Experimental forwarding output is disabled.
TpTrace Warning: 0 : 18577, 5, 2024/06/06, 16:53:53.867, 20370983728083, vstest.console.dll, TestHostManagerCallbacks.ErrorReceivedCallback Test host standard error line:    --- End of inner exception stack trace ---
TpTrace Verbose: 0 : 18577, 5, 2024/06/06, 16:53:53.867, 20370983733583, vstest.console.dll, TestHostManagerCallbacks.ctor: Experimental forwarding output is disabled.
TpTrace Warning: 0 : 18577, 5, 2024/06/06, 16:53:53.867, 20370983743083, vstest.console.dll, TestHostManagerCallbacks.ErrorReceivedCallback Test host standard error line:    at NLog.LogManager.GetCurrentClassLogger()
TpTrace Verbose: 0 : 18577, 5, 2024/06/06, 16:53:53.867, 20370983762458, vstest.console.dll, TestHostManagerCallbacks.ctor: Experimental forwarding output is disabled.
TpTrace Warning: 0 : 18577, 5, 2024/06/06, 16:53:53.867, 20370983769791, vstest.console.dll, TestHostManagerCallbacks.ErrorReceivedCallback Test host standard error line:    at ZebrunnerAgent.Registrar.ReportingRegistrar..cctor()
TpTrace Verbose: 0 : 18577, 5, 2024/06/06, 16:53:53.867, 20370983776208, vstest.console.dll, TestHostManagerCallbacks.ctor: Experimental forwarding output is disabled.
TpTrace Warning: 0 : 18577, 5, 2024/06/06, 16:53:53.867, 20370983781916, vstest.console.dll, TestHostManagerCallbacks.ErrorReceivedCallback Test host standard error line:    --- End of inner exception stack trace ---
TpTrace Verbose: 0 : 18577, 5, 2024/06/06, 16:53:53.867, 20370983787375, vstest.console.dll, TestHostManagerCallbacks.ctor: Experimental forwarding output is disabled.
TpTrace Warning: 0 : 18577, 5, 2024/06/06, 16:53:53.867, 20370983792666, vstest.console.dll, TestHostManagerCallbacks.ErrorReceivedCallback Test host standard error line:    at ZebrunnerAgent.Registrar.ReportingRegistrar.get_Instance()
TpTrace Verbose: 0 : 18577, 5, 2024/06/06, 16:53:53.867, 20370983801041, vstest.console.dll, TestHostManagerCallbacks.ctor: Experimental forwarding output is disabled.
TpTrace Warning: 0 : 18577, 5, 2024/06/06, 16:53:53.867, 20370983806791, vstest.console.dll, TestHostManagerCallbacks.ErrorReceivedCallback Test host standard error line:    at ZebrunnerAgent.Registrar.TestRunRegistrarFactory.GetTestRunRegistrar()
TpTrace Verbose: 0 : 18577, 5, 2024/06/06, 16:53:53.867, 20370983812291, vstest.console.dll, TestHostManagerCallbacks.ctor: Experimental forwarding output is disabled.
TpTrace Warning: 0 : 18577, 5, 2024/06/06, 16:53:53.867, 20370983817708, vstest.console.dll, TestHostManagerCallbacks.ErrorReceivedCallback Test host standard error line:    at ZebrunnerAgent.Attributes.ZebrunnerAssembly..cctor()
TpTrace Verbose: 0 : 18577, 5, 2024/06/06, 16:53:53.867, 20370983823583, vstest.console.dll, TestHostManagerCallbacks.ctor: Experimental forwarding output is disabled.
TpTrace Warning: 0 : 18577, 5, 2024/06/06, 16:53:53.867, 20370983828958, vstest.console.dll, TestHostManagerCallbacks.ErrorReceivedCallback Test host standard error line:    --- End of inner exception stack trace ---
TpTrace Verbose: 0 : 18577, 5, 2024/06/06, 16:53:53.867, 20370983834333, vstest.console.dll, TestHostManagerCallbacks.ctor: Experimental forwarding output is disabled.
TpTrace Warning: 0 : 18577, 5, 2024/06/06, 16:53:53.867, 20370983839708, vstest.console.dll, TestHostManagerCallbacks.ErrorReceivedCallback Test host standard error line:    at ZebrunnerAgent.Attributes.ZebrunnerAssembly.AfterTest(ITest test)
TpTrace Verbose: 0 : 18577, 5, 2024/06/06, 16:53:53.867, 20370983845041, vstest.console.dll, TestHostManagerCallbacks.ctor: Experimental forwarding output is disabled.
TpTrace Warning: 0 : 18577, 5, 2024/06/06, 16:53:53.867, 20370983852375, vstest.console.dll, TestHostManagerCallbacks.ErrorReceivedCallback Test host standard error line:    at NUnit.Framework.Internal.Commands.TestActionItem.AfterTest(ITest test)
TpTrace Verbose: 0 : 18577, 5, 2024/06/06, 16:53:53.867, 20370983858041, vstest.console.dll, TestHostManagerCallbacks.ctor: Experimental forwarding output is disabled.
TpTrace Warning: 0 : 18577, 5, 2024/06/06, 16:53:53.867, 20370983863416, vstest.console.dll, TestHostManagerCallbacks.ErrorReceivedCallback Test host standard error line:    at NUnit.Framework.Internal.Commands.AfterTestActionCommand.<>c__DisplayClass0_0.<.ctor>b__0(TestExecutionContext context)
TpTrace Verbose: 0 : 18577, 5, 2024/06/06, 16:53:53.867, 20370983869458, vstest.console.dll, TestHostManagerCallbacks.ctor: Experimental forwarding output is disabled.
TpTrace Warning: 0 : 18577, 5, 2024/06/06, 16:53:53.867, 20370983883291, vstest.console.dll, TestHostManagerCallbacks.ErrorReceivedCallback Test host standard error line:    at NUnit.Framework.Internal.Commands.AfterTestCommand.Execute(TestExecutionContext context)
TpTrace Verbose: 0 : 18577, 5, 2024/06/06, 16:53:53.867, 20370983889625, vstest.console.dll, TestHostManagerCallbacks.ctor: Experimental forwarding output is disabled.
TpTrace Warning: 0 : 18577, 5, 2024/06/06, 16:53:53.867, 20370983895291, vstest.console.dll, TestHostManagerCallbacks.ErrorReceivedCallback Test host standard error line:    at NUnit.Framework.Internal.Execution.CompositeWorkItem.PerformOneTimeTearDown()
TpTrace Verbose: 0 : 18577, 5, 2024/06/06, 16:53:53.867, 20370983900916, vstest.console.dll, TestHostManagerCallbacks.ctor: Experimental forwarding output is disabled.
TpTrace Warning: 0 : 18577, 5, 2024/06/06, 16:53:53.867, 20370983906291, vstest.console.dll, TestHostManagerCallbacks.ErrorReceivedCallback Test host standard error line:    at NUnit.Framework.Internal.Execution.CompositeWorkItem.PerformWork()
TpTrace Verbose: 0 : 18577, 5, 2024/06/06, 16:53:53.867, 20370983911625, vstest.console.dll, TestHostManagerCallbacks.ctor: Experimental forwarding output is disabled.
TpTrace Warning: 0 : 18577, 5, 2024/06/06, 16:53:53.867, 20370983917041, vstest.console.dll, TestHostManagerCallbacks.ErrorReceivedCallback Test host standard error line:    at NUnit.Framework.Internal.Execution.WorkItem.RunOnCurrentThread()
TpTrace Verbose: 0 : 18577, 5, 2024/06/06, 16:53:53.867, 20370983924750, vstest.console.dll, TestHostManagerCallbacks.ctor: Experimental forwarding output is disabled.
TpTrace Warning: 0 : 18577, 5, 2024/06/06, 16:53:53.867, 20370983930208, vstest.console.dll, TestHostManagerCallbacks.ErrorReceivedCallback Test host standard error line:    at NUnit.Framework.Internal.Execution.WorkItem.Execute()
TpTrace Verbose: 0 : 18577, 5, 2024/06/06, 16:53:53.867, 20370983939958, vstest.console.dll, TestHostManagerCallbacks.ctor: Experimental forwarding output is disabled.
TpTrace Warning: 0 : 18577, 5, 2024/06/06, 16:53:53.867, 20370983946208, vstest.console.dll, TestHostManagerCallbacks.ErrorReceivedCallback Test host standard error line:    at NUnit.Framework.Internal.Execution.TestWorker.TestWorkerThreadProc()
TpTrace Verbose: 0 : 18577, 5, 2024/06/06, 16:53:53.867, 20370983951541, vstest.console.dll, TestHostManagerCallbacks.ctor: Experimental forwarding output is disabled.
TpTrace Warning: 0 : 18577, 5, 2024/06/06, 16:53:53.867, 20370983956875, vstest.console.dll, TestHostManagerCallbacks.ErrorReceivedCallback Test host standard error line:    at System.Threading.Thread.StartCallback()
TpTrace Verbose: 0 : 18577, 11, 2024/06/06, 16:53:53.903, 20371019437000, vstest.console.dll, TcpClientExtensions.MessageLoopAsync: NotifyDataAvailable remoteEndPoint: 127.0.0.1:49431 localEndPoint: 127.0.0.1:49430
TpTrace Verbose: 0 : 18577, 5, 2024/06/06, 16:53:53.903, 20371019515666, vstest.console.dll, TestHostManagerCallbacks.ctor: Experimental forwarding output is disabled.
TpTrace Warning: 0 : 18577, 5, 2024/06/06, 16:53:53.903, 20371019553916, vstest.console.dll, TestHostManagerCallbacks.ErrorReceivedCallback Test host standard error line: 
TpTrace Error: 0 : 18577, 11, 2024/06/06, 16:53:53.904, 20371020031916, vstest.console.dll, Socket: Message loop: failed to receive message due to socket error System.IO.EndOfStreamException: Unable to read beyond the end of the stream.
   at System.IO.BinaryReader.Read7BitEncodedInt()
   at System.IO.BinaryReader.ReadString()
   at Microsoft.VisualStudio.TestPlatform.CommunicationUtilities.LengthPrefixCommunicationChannel.NotifyDataAvailable(CancellationToken cancellationToken) in /_/src/Microsoft.TestPlatform.CommunicationUtilities/LengthPrefixCommunicationChannel.cs:line 90
   at Microsoft.VisualStudio.TestPlatform.CommunicationUtilities.TcpClientExtensions.MessageLoopAsync(TcpClient client, ICommunicationChannel channel, Action`1 errorHandler, CancellationToken cancellationToken) in /_/src/Microsoft.TestPlatform.CommunicationUtilities/TcpClientExtensions.cs:line 67, remoteEndPoint: 127.0.0.1:49431 localEndPoint: 127.0.0.1:49430
TpTrace Information: 0 : 18577, 11, 2024/06/06, 16:53:53.904, 20371020075875, vstest.console.dll, SocketServer.PrivateStop: Stopping server endPoint: 127.0.0.1:49430 error: 
TpTrace Verbose: 0 : 18577, 7, 2024/06/06, 16:53:53.904, 20371020772750, vstest.console.dll, TestHostProvider.ExitCallBack: Host exited starting callback.
TpTrace Error: 0 : 18577, 7, 2024/06/06, 16:53:53.904, 20371020827458, vstest.console.dll, TestHostManagerCallbacks.ExitCallBack: Testhost processId: 18578 exited with exitcode: 134 error: 'Unhandled exception. System.TypeInitializationException: The type initializer for 'ZebrunnerAgent.Attributes.ZebrunnerAssembly' threw an exception.
 ---> System.TypeInitializationException: The type initializer for 'ZebrunnerAgent.Registrar.ReportingRegistrar' threw an exception.
 ---> System.TypeInitializationException: The type initializer for 'NLog.LogManager' threw an exception.
 ---> System.TypeInitializationException: The type initializer for 'NLog.LogFactory' threw an exception.
 ---> System.MissingMethodException: Method not found: 'System.String System.AppDomainSetup.get_ConfigurationFile()'.
   at NLog.Internal.Fakeables.AppDomainWrapper..ctor(AppDomain appDomain)
   at NLog.Internal.Fakeables.AppDomainWrapper.get_CurrentDomain()
   at NLog.LogFactory.get_CurrentAppDomain()
   at NLog.LogFactory..cctor()
   --- End of inner exception stack trace ---
   at NLog.LogFactory..ctor()
   at NLog.LogManager..cctor()
   --- End of inner exception stack trace ---
   at NLog.LogManager.GetCurrentClassLogger()
   at ZebrunnerAgent.Registrar.ReportingRegistrar..cctor()
   --- End of inner exception stack trace ---
   at ZebrunnerAgent.Registrar.ReportingRegistrar.get_Instance()
   at ZebrunnerAgent.Registrar.TestRunRegistrarFactory.GetTestRunRegistrar()
   at ZebrunnerAgent.Attributes.ZebrunnerAssembly..cctor()
   --- End of inner exception stack trace ---
   at ZebrunnerAgent.Attributes.ZebrunnerAssembly.AfterTest(ITest test)
   at NUnit.Framework.Internal.Commands.TestActionItem.AfterTest(ITest test)
   at NUnit.Framework.Internal.Commands.AfterTestActionCommand.<>c__DisplayClass0_0.<.ctor>b__0(TestExecutionContext context)
   at NUnit.Framework.Internal.Commands.AfterTestCommand.Execute(TestExecutionContext context)
   at NUnit.Framework.Internal.Execution.CompositeWorkItem.PerformOneTimeTearDown()
   at NUnit.Framework.Internal.Execution.CompositeWorkItem.PerformWork()
   at NUnit.Framework.Internal.Execution.WorkItem.RunOnCurrentThread()
   at NUnit.Framework.Internal.Execution.WorkItem.Execute()
   at NUnit.Framework.Internal.Execution.TestWorker.TestWorkerThreadProc()
   at System.Threading.Thread.StartCallback()
'
TpTrace Verbose: 0 : 18577, 7, 2024/06/06, 16:53:53.904, 20371020843291, vstest.console.dll, DotnetTestHostManager.OnHostExited: invoking OnHostExited callback
TpTrace Verbose: 0 : 18577, 7, 2024/06/06, 16:53:53.905, 20371020980958, vstest.console.dll, CrossPlatEngine.TestHostManagerHostExited: calling on client process exit callback.
TpTrace Information: 0 : 18577, 7, 2024/06/06, 16:53:53.905, 20371021001083, vstest.console.dll, TestRequestSender.OnClientProcessExit: Test host process exited. Standard error: Unhandled exception. System.TypeInitializationException: The type initializer for 'ZebrunnerAgent.Attributes.ZebrunnerAssembly' threw an exception.
 ---> System.TypeInitializationException: The type initializer for 'ZebrunnerAgent.Registrar.ReportingRegistrar' threw an exception.
 ---> System.TypeInitializationException: The type initializer for 'NLog.LogManager' threw an exception.
 ---> System.TypeInitializationException: The type initializer for 'NLog.LogFactory' threw an exception.
 ---> System.MissingMethodException: Method not found: 'System.String System.AppDomainSetup.get_ConfigurationFile()'.
   at NLog.Internal.Fakeables.AppDomainWrapper..ctor(AppDomain appDomain)
   at NLog.Internal.Fakeables.AppDomainWrapper.get_CurrentDomain()
   at NLog.LogFactory.get_CurrentAppDomain()
   at NLog.LogFactory..cctor()
   --- End of inner exception stack trace ---
   at NLog.LogFactory..ctor()
   at NLog.LogManager..cctor()
   --- End of inner exception stack trace ---
   at NLog.LogManager.GetCurrentClassLogger()
   at ZebrunnerAgent.Registrar.ReportingRegistrar..cctor()
   --- End of inner exception stack trace ---
   at ZebrunnerAgent.Registrar.ReportingRegistrar.get_Instance()
   at ZebrunnerAgent.Registrar.TestRunRegistrarFactory.GetTestRunRegistrar()
   at ZebrunnerAgent.Attributes.ZebrunnerAssembly..cctor()
   --- End of inner exception stack trace ---
   at ZebrunnerAgent.Attributes.ZebrunnerAssembly.AfterTest(ITest test)
   at NUnit.Framework.Internal.Commands.TestActionItem.AfterTest(ITest test)
   at NUnit.Framework.Internal.Commands.AfterTestActionCommand.<>c__DisplayClass0_0.<.ctor>b__0(TestExecutionContext context)
   at NUnit.Framework.Internal.Commands.AfterTestCommand.Execute(TestExecutionContext context)
   at NUnit.Framework.Internal.Execution.CompositeWorkItem.PerformOneTimeTearDown()
   at NUnit.Framework.Internal.Execution.CompositeWorkItem.PerformWork()
   at NUnit.Framework.Internal.Execution.WorkItem.RunOnCurrentThread()
   at NUnit.Framework.Internal.Execution.WorkItem.Execute()
   at NUnit.Framework.Internal.Execution.TestWorker.TestWorkerThreadProc()
   at System.Threading.Thread.StartCallback()

TpTrace Information: 0 : 18577, 7, 2024/06/06, 16:53:53.905, 20371021032208, vstest.console.dll, SocketServer.Stop: Stop server endPoint: 127.0.0.1:49430
TpTrace Verbose: 0 : 18577, 7, 2024/06/06, 16:53:53.905, 20371021041416, vstest.console.dll, MulticastDelegateUtilities.SafeInvoke: HostProviderEvents.OnHostExited: Invoking callback 1/1 for Microsoft.VisualStudio.TestPlatform.CrossPlatEngine.Client.ProxyOperationManager., took 0 ms.
TpTrace Verbose: 0 : 18577, 11, 2024/06/06, 16:53:53.906, 20371021989083, vstest.console.dll, LengthPrefixCommunicationChannel.Dispose: Dispose reader and writer.
TpTrace Information: 0 : 18577, 11, 2024/06/06, 16:53:53.906, 20371022032333, vstest.console.dll, SocketServer.Stop: Raise disconnected event endPoint: 127.0.0.1:49430 error: 
TpTrace Verbose: 0 : 18577, 11, 2024/06/06, 16:53:53.906, 20371022079041, vstest.console.dll, TestRequestSender: OnTestRunAbort: Set operation complete.
TpTrace Verbose: 0 : 18577, 11, 2024/06/06, 16:53:53.906, 20371022091250, vstest.console.dll, TestRequestSender.SetOperationComplete: Setting operation complete.
TpTrace Information: 0 : 18577, 11, 2024/06/06, 16:53:53.906, 20371022103750, vstest.console.dll, SocketServer.Stop: Stop server endPoint: 127.0.0.1:49430
TpTrace Verbose: 0 : 18577, 11, 2024/06/06, 16:53:53.906, 20371022114458, vstest.console.dll, TestRequestSender.GetAbortErrorMessage: Exception: 
TpTrace Verbose: 0 : 18577, 11, 2024/06/06, 16:53:53.906, 20371022121583, vstest.console.dll, TestRequestSender.GetAbortErrorMessage: Client has disconnected. Wait for standard error.
TpTrace Information: 0 : 18577, 11, 2024/06/06, 16:53:53.906, 20371022131166, vstest.console.dll, TestRequestSender.GetAbortErrorMessage: Received test host error message.
TpTrace Error: 0 : 18577, 11, 2024/06/06, 16:53:53.906, 20371022255166, vstest.console.dll, TestRequestSender: Aborting test run because Test host process crashed : Unhandled exception. System.TypeInitializationException: The type initializer for 'ZebrunnerAgent.Attributes.ZebrunnerAssembly' threw an exception.
 ---> System.TypeInitializationException: The type initializer for 'ZebrunnerAgent.Registrar.ReportingRegistrar' threw an exception.
 ---> System.TypeInitializationException: The type initializer for 'NLog.LogManager' threw an exception.
 ---> System.TypeInitializationException: The type initializer for 'NLog.LogFactory' threw an exception.
 ---> System.MissingMethodException: Method not found: 'System.String System.AppDomainSetup.get_ConfigurationFile()'.
   at NLog.Internal.Fakeables.AppDomainWrapper..ctor(AppDomain appDomain)
   at NLog.Internal.Fakeables.AppDomainWrapper.get_CurrentDomain()
   at NLog.LogFactory.get_CurrentAppDomain()
   at NLog.LogFactory..cctor()
   --- End of inner exception stack trace ---
   at NLog.LogFactory..ctor()
   at NLog.LogManager..cctor()
   --- End of inner exception stack trace ---
   at NLog.LogManager.GetCurrentClassLogger()
   at ZebrunnerAgent.Registrar.ReportingRegistrar..cctor()
   --- End of inner exception stack trace ---
   at ZebrunnerAgent.Registrar.ReportingRegistrar.get_Instance()
   at ZebrunnerAgent.Registrar.TestRunRegistrarFactory.GetTestRunRegistrar()
   at ZebrunnerAgent.Attributes.ZebrunnerAssembly..cctor()
   --- End of inner exception stack trace ---
   at ZebrunnerAgent.Attributes.ZebrunnerAssembly.AfterTest(ITest test)
   at NUnit.Framework.Internal.Commands.TestActionItem.AfterTest(ITest test)
   at NUnit.Framework.Internal.Commands.AfterTestActionCommand.<>c__DisplayClass0_0.<.ctor>b__0(TestExecutionContext context)
   at NUnit.Framework.Internal.Commands.AfterTestCommand.Execute(TestExecutionContext context)
   at NUnit.Framework.Internal.Execution.CompositeWorkItem.PerformOneTimeTearDown()
   at NUnit.Framework.Internal.Execution.CompositeWorkItem.PerformWork()
   at NUnit.Framework.Internal.Execution.WorkItem.RunOnCurrentThread()
   at NUnit.Framework.Internal.Execution.WorkItem.Execute()
   at NUnit.Framework.Internal.Execution.TestWorker.TestWorkerThreadProc()
   at System.Threading.Thread.StartCallback()

TpTrace Verbose: 0 : 18577, 11, 2024/06/06, 16:53:53.906, 20371022291333, vstest.console.dll, TestRunRequest:SendTestRunMessage: Starting.
TpTrace Verbose: 0 : 18577, 11, 2024/06/06, 16:53:53.906, 20371022315458, vstest.console.dll, MulticastDelegateUtilities.SafeInvoke: TestRun.LogMessages: Invoking callback 1/1 for Microsoft.VisualStudio.TestPlatform.CommandLine.TestRunResultAggregator., took 0 ms.
TpTrace Information: 0 : 18577, 11, 2024/06/06, 16:53:53.906, 20371022322833, vstest.console.dll, TestRunRequest:SendTestRunMessage: Completed.
TpTrace Verbose: 0 : 18577, 4, 2024/06/06, 16:53:53.907, 20371023288208, vstest.console.dll, MulticastDelegateUtilities.SafeInvoke: InternalTestLoggerEvents.SendTestRunMessage: Invoking callback 1/1 for Microsoft.VisualStudio.TestPlatform.CommandLine.Internal.ConsoleLogger., took 0 ms.
TpTrace Verbose: 0 : 18577, 11, 2024/06/06, 16:53:53.911, 20371027381625, vstest.console.dll, ProxyOperationManager.Close: waiting for test host to exit for 100 ms
TpTrace Information: 0 : 18577, 11, 2024/06/06, 16:53:53.911, 20371027453791, vstest.console.dll, SocketServer.Stop: Stop server endPoint: 127.0.0.1:49430
TpTrace Information: 0 : 18577, 11, 2024/06/06, 16:53:53.911, 20371027464791, vstest.console.dll, Closing the connection
TpTrace Verbose: 0 : 18577, 11, 2024/06/06, 16:53:53.911, 20371027638416, vstest.console.dll, ParallelRunEventsHandler.HandleTestRunComplete: Handling a run completion, this can be either one part of parallel run completing, or the whole parallel run completing.
TpTrace Verbose: 0 : 18577, 11, 2024/06/06, 16:53:53.911, 20371027738625, vstest.console.dll, ParallelProxyExecutionManager: HandlePartialRunComplete: Total workloads = 1, Total started clients = 1 Total completed clients = 1, Run complete = True, Run canceled: False.
TpTrace Verbose: 0 : 18577, 11, 2024/06/06, 16:53:53.911, 20371027746666, vstest.console.dll, ParallelProxyExecutionManager: HandlePartialRunComplete: All runs completed stopping all managers.
TpTrace Verbose: 0 : 18577, 11, 2024/06/06, 16:53:53.911, 20371027758541, vstest.console.dll, ParallelOperationManager.StopAllManagers: Stopping all managers.
TpTrace Verbose: 0 : 18577, 11, 2024/06/06, 16:53:53.911, 20371027765958, vstest.console.dll, ParallelOperationManager.ClearSlots: Clearing all slots. Slots should accept more work: False
TpTrace Verbose: 0 : 18577, 11, 2024/06/06, 16:53:53.911, 20371027786416, vstest.console.dll, ParallelOperationManager.SetOccupiedSlotCount: Setting slot counts AvailableSlotCount = 1, OccupiedSlotCount = 0.
TpTrace Verbose: 0 : 18577, 11, 2024/06/06, 16:53:53.911, 20371027795375, vstest.console.dll, Occupied slots:

TpTrace Verbose: 0 : 18577, 11, 2024/06/06, 16:53:53.911, 20371027818291, vstest.console.dll, ParallelRunEventsHandler.HandleTestRunComplete: Whole parallel run completed.
TpTrace Verbose: 0 : 18577, 4, 2024/06/06, 16:53:53.918, 20371034758416, vstest.console.dll, MulticastDelegateUtilities.SafeInvoke: InternalTestLoggerEvents.SendTestRunComplete: Invoking callback 1/1 for Microsoft.VisualStudio.TestPlatform.CommandLine.Internal.ConsoleLogger., took 1 ms.
TpTrace Verbose: 0 : 18577, 11, 2024/06/06, 16:53:53.918, 20371034953458, vstest.console.dll, TestRunRequest:TestRunComplete: Starting. IsAborted:True IsCanceled:False.
TpTrace Verbose: 0 : 18577, 11, 2024/06/06, 16:53:53.919, 20371035023875, vstest.console.dll, ParallelOperationManager.DoActionOnAllManagers: Calling an action on all managers.
TpTrace Verbose: 0 : 18577, 11, 2024/06/06, 16:53:53.919, 20371035401041, vstest.console.dll, TestLoggerManager.HandleTestRunComplete: Ignoring as the object is disposed.
TpTrace Verbose: 0 : 18577, 11, 2024/06/06, 16:53:53.919, 20371035548875, vstest.console.dll, MulticastDelegateUtilities.SafeInvoke: TestRun.TestRunComplete: Invoking callback 1/2 for Microsoft.VisualStudio.TestPlatform.CommandLine.TestRunResultAggregator., took 0 ms.
TpTrace Verbose: 0 : 18577, 11, 2024/06/06, 16:53:53.919, 20371035600666, vstest.console.dll, MulticastDelegateUtilities.SafeInvoke: TestRun.TestRunComplete: Invoking callback 2/2 for Microsoft.VisualStudio.TestPlatform.CommandLine.Processors.RunTestsArgumentExecutor+TestRunRequestEventsRegistrar., took 0 ms.
TpTrace Information: 0 : 18577, 11, 2024/06/06, 16:53:53.919, 20371035644291, vstest.console.dll, TestRunRequest:TestRunComplete: Completed.
TpTrace Verbose: 0 : 18577, 11, 2024/06/06, 16:53:53.919, 20371035655208, vstest.console.dll, MulticastDelegateUtilities.SafeInvoke: SocketServer: ClientDisconnected: Invoking callback 1/1 for Microsoft.VisualStudio.TestPlatform.CommunicationUtilities.TestRequestSender., took 13 ms.
TpTrace Verbose: 0 : 18577, 11, 2024/06/06, 16:53:53.919, 20371035669291, vstest.console.dll, TcpClientExtensions.MessageLoopAsync: exiting MessageLoopAsync remoteEndPoint: 127.0.0.1:49431 localEndPoint: 127.0.0.1:49430
TpTrace Verbose: 0 : 18577, 1, 2024/06/06, 16:53:53.919, 20371035685708, vstest.console.dll, TestRunRequest.Dispose: Starting.
TpTrace Information: 0 : 18577, 1, 2024/06/06, 16:53:53.919, 20371035714083, vstest.console.dll, TestRunRequest.Dispose: Completed.
TpTrace Information: 0 : 18577, 1, 2024/06/06, 16:53:53.919, 20371035732083, vstest.console.dll, TestRequestManager.RunTests: run tests completed.
TpTrace Information: 0 : 18577, 1, 2024/06/06, 16:53:53.919, 20371035762333, vstest.console.dll, RunTestsArgumentProcessor:Execute: Test run is completed.
TpTrace Verbose: 0 : 18577, 1, 2024/06/06, 16:53:53.919, 20371035882166, vstest.console.dll, Executor.Execute: Exiting with exit code of 1
